<?xml version="1.0" encoding="UTF-8"?>
<!-- Generated by org.testng.reporters.JUnitReportReporter -->
<testsuite skipped="0" hostname="DESKTOP-Q3TS3TV" name="com.training.sanity.tests.OrderTests" tests="1" failures="0" timestamp="06 May 2020 07:52:36 GMT" time="21.416" errors="1">
  <testcase name="validLoginTest" time="21.416" classname="com.training.sanity.tests.OrderTests">
    <error type="java.lang.StackOverflowError">
      <![CDATA[java.lang.StackOverflowError
	at com.training.pom.OrderLoginPOM.enterOrderDetails(OrderLoginPOM.java:67)
	at com.training.pom.OrderLoginPOM.enterOrderDetails(OrderLoginPOM.java:67)
	at com.training.pom.OrderLoginPOM.enterOrderDetails(OrderLoginPOM.java:67)
	at com.training.pom.OrderLoginPOM.enterOrderDetails(OrderLoginPOM.java:67)
	at com.training.pom.OrderLoginPOM.enterOrderDetails(OrderLoginPOM.java:67)
	at com.training.pom.OrderLoginPOM.enterOrderDetails(OrderLoginPOM.java:67)
	at com.training.pom.OrderLoginPOM.enterOrderDetails(OrderLoginPOM.java:67)
	at com.training.pom.OrderLoginPOM.enterOrderDetails(OrderLoginPOM.java:67)
	at com.training.pom.OrderLoginPOM.enterOrderDetails(OrderLoginPOM.java:67)
	at com.training.pom.OrderLoginPOM.enterOrderDetails(OrderLoginPOM.java:67)
	at com.training.pom.OrderLoginPOM.enterOrderDetails(OrderLoginPOM.java:67)
	at com.training.pom.OrderLoginPOM.enterOrderDetails(OrderLoginPOM.java:67)
	at com.training.pom.OrderLoginPOM.enterOrderDetails(OrderLoginPOM.java:67)
	at com.training.pom.OrderLoginPOM.enterOrderDetails(OrderLoginPOM.java:67)
	at com.training.pom.OrderLoginPOM.enterOrderDetails(OrderLoginPOM.java:67)
	at com.training.pom.OrderLoginPOM.enterOrderDetails(OrderLoginPOM.java:67)
	at com.training.pom.OrderLoginPOM.enterOrderDetails(OrderLoginPOM.java:67)
	at com.training.pom.OrderLoginPOM.enterOrderDetails(OrderLoginPOM.java:67)
	at com.training.pom.OrderLoginPOM.enterOrderDetails(OrderLoginPOM.java:67)
	at com.training.pom.OrderLoginPOM.enterOrderDetails(OrderLoginPOM.java:67)
	at com.training.pom.OrderLoginPOM.enterOrderDetails(OrderLoginPOM.java:67)
	at com.training.pom.OrderLoginPOM.enterOrderDetails(OrderLoginPOM.java:67)
	at com.training.pom.OrderLoginPOM.enterOrderDetails(OrderLoginPOM.java:67)
	at com.training.pom.OrderLoginPOM.enterOrderDetails(OrderLoginPOM.java:67)
	at com.training.pom.OrderLoginPOM.enterOrderDetails(OrderLoginPOM.java:67)
	at com.training.pom.OrderLoginPOM.enterOrderDetails(OrderLoginPOM.java:67)
	at com.training.pom.OrderLoginPOM.enterOrderDetails(OrderLoginPOM.java:67)
	at com.training.pom.OrderLoginPOM.enterOrderDetails(OrderLoginPOM.java:67)
	at com.training.pom.OrderLoginPOM.enterOrderDetails(OrderLoginPOM.java:67)
	at com.training.pom.OrderLoginPOM.enterOrderDetails(OrderLoginPOM.java:67)
	at com.training.pom.OrderLoginPOM.enterOrderDetails(OrderLoginPOM.java:67)
	at com.training.pom.OrderLoginPOM.enterOrderDetails(OrderLoginPOM.java:67)
	at com.training.pom.OrderLoginPOM.enterOrderDetails(OrderLoginPOM.java:67)
	at com.training.pom.OrderLoginPOM.enterOrderDetails(OrderLoginPOM.java:67)
	at com.training.pom.OrderLoginPOM.enterOrderDetails(OrderLoginPOM.java:67)
	at com.training.pom.OrderLoginPOM.enterOrderDetails(OrderLoginPOM.java:67)
	at com.training.pom.OrderLoginPOM.enterOrderDetails(OrderLoginPOM.java:67)
	at com.training.pom.OrderLoginPOM.enterOrderDetails(OrderLoginPOM.java:67)
	at com.training.pom.OrderLoginPOM.enterOrderDetails(OrderLoginPOM.java:67)
	at com.training.pom.OrderLoginPOM.enterOrderDetails(OrderLoginPOM.java:67)
	at com.training.pom.OrderLoginPOM.enterOrderDetails(OrderLoginPOM.java:67)
	at com.training.pom.OrderLoginPOM.enterOrderDetails(OrderLoginPOM.java:67)
	at com.training.pom.OrderLoginPOM.enterOrderDetails(OrderLoginPOM.java:67)
	at com.training.pom.OrderLoginPOM.enterOrderDetails(OrderLoginPOM.java:67)
	at com.training.pom.OrderLoginPOM.enterOrderDetails(OrderLoginPOM.java:67)
	at com.training.pom.OrderLoginPOM.enterOrderDetails(OrderLoginPOM.java:67)
	at com.training.pom.OrderLoginPOM.enterOrderDetails(OrderLoginPOM.java:67)
	at com.training.pom.OrderLoginPOM.enterOrderDetails(OrderLoginPOM.java:67)
	at com.training.pom.OrderLoginPOM.enterOrderDetails(OrderLoginPOM.java:67)
	at com.training.pom.OrderLoginPOM.enterOrderDetails(OrderLoginPOM.java:67)
	at com.training.pom.OrderLoginPOM.enterOrderDetails(OrderLoginPOM.java:67)
	at com.training.pom.OrderLoginPOM.enterOrderDetails(OrderLoginPOM.java:67)
	at com.training.pom.OrderLoginPOM.enterOrderDetails(OrderLoginPOM.java:67)
	at com.training.pom.OrderLoginPOM.enterOrderDetails(OrderLoginPOM.java:67)
	at com.training.pom.OrderLoginPOM.enterOrderDetails(OrderLoginPOM.java:67)
	at com.training.pom.OrderLoginPOM.enterOrderDetails(OrderLoginPOM.java:67)
	at com.training.pom.OrderLoginPOM.enterOrderDetails(OrderLoginPOM.java:67)
	at com.training.pom.OrderLoginPOM.enterOrderDetails(OrderLoginPOM.java:67)
	at com.training.pom.OrderLoginPOM.enterOrderDetails(OrderLoginPOM.java:67)
	at com.training.pom.OrderLoginPOM.enterOrderDetails(OrderLoginPOM.java:67)
	at com.training.pom.OrderLoginPOM.enterOrderDetails(OrderLoginPOM.java:67)
	at com.training.pom.OrderLoginPOM.enterOrderDetails(OrderLoginPOM.java:67)
	at com.training.pom.OrderLoginPOM.enterOrderDetails(OrderLoginPOM.java:67)
	at com.training.pom.OrderLoginPOM.enterOrderDetails(OrderLoginPOM.java:67)
	at com.training.pom.OrderLoginPOM.enterOrderDetails(OrderLoginPOM.java:67)
	at com.training.pom.OrderLoginPOM.enterOrderDetails(OrderLoginPOM.java:67)
	at com.training.pom.OrderLoginPOM.enterOrderDetails(OrderLoginPOM.java:67)
	at com.training.pom.OrderLoginPOM.enterOrderDetails(OrderLoginPOM.java:67)
	at com.training.pom.OrderLoginPOM.enterOrderDetails(OrderLoginPOM.java:67)
	at com.training.pom.OrderLoginPOM.enterOrderDetails(OrderLoginPOM.java:67)
	at com.training.pom.OrderLoginPOM.enterOrderDetails(OrderLoginPOM.java:67)
	at com.training.pom.OrderLoginPOM.enterOrderDetails(OrderLoginPOM.java:67)
	at com.training.pom.OrderLoginPOM.enterOrderDetails(OrderLoginPOM.java:67)
	at com.training.pom.OrderLoginPOM.enterOrderDetails(OrderLoginPOM.java:67)
	at com.training.pom.OrderLoginPOM.enterOrderDetails(OrderLoginPOM.java:67)
	at com.training.pom.OrderLoginPOM.enterOrderDetails(OrderLoginPOM.java:67)
	at com.training.pom.OrderLoginPOM.enterOrderDetails(OrderLoginPOM.java:67)
	at com.training.pom.OrderLoginPOM.enterOrderDetails(OrderLoginPOM.java:67)
	at com.training.pom.OrderLoginPOM.enterOrderDetails(OrderLoginPOM.java:67)
	at com.training.pom.OrderLoginPOM.enterOrderDetails(OrderLoginPOM.java:67)
	at com.training.pom.OrderLoginPOM.enterOrderDetails(OrderLoginPOM.java:67)
	at com.training.pom.OrderLoginPOM.enterOrderDetails(OrderLoginPOM.java:67)
	at com.training.pom.OrderLoginPOM.enterOrderDetails(OrderLoginPOM.java:67)
	at com.training.pom.OrderLoginPOM.enterOrderDetails(OrderLoginPOM.java:67)
	at com.training.pom.OrderLoginPOM.enterOrderDetails(OrderLoginPOM.java:67)
	at com.training.pom.OrderLoginPOM.enterOrderDetails(OrderLoginPOM.java:67)
	at com.training.pom.OrderLoginPOM.enterOrderDetails(OrderLoginPOM.java:67)
	at com.training.pom.OrderLoginPOM.enterOrderDetails(OrderLoginPOM.java:67)
	at com.training.pom.OrderLoginPOM.enterOrderDetails(OrderLoginPOM.java:67)
	at com.training.pom.OrderLoginPOM.enterOrderDetails(OrderLoginPOM.java:67)
	at com.training.pom.OrderLoginPOM.enterOrderDetails(OrderLoginPOM.java:67)
	at com.training.pom.OrderLoginPOM.enterOrderDetails(OrderLoginPOM.java:67)
	at com.training.pom.OrderLoginPOM.enterOrderDetails(OrderLoginPOM.java:67)
	at com.training.pom.OrderLoginPOM.enterOrderDetails(OrderLoginPOM.java:67)
	at com.training.pom.OrderLoginPOM.enterOrderDetails(OrderLoginPOM.java:67)
	at com.training.pom.OrderLoginPOM.enterOrderDetails(OrderLoginPOM.java:67)
	at com.training.pom.OrderLoginPOM.enterOrderDetails(OrderLoginPOM.java:67)
	at com.training.pom.OrderLoginPOM.enterOrderDetails(OrderLoginPOM.java:67)
	at com.training.pom.OrderLoginPOM.enterOrderDetails(OrderLoginPOM.java:67)
	at com.training.pom.OrderLoginPOM.enterOrderDetails(OrderLoginPOM.java:67)
	at com.training.pom.OrderLoginPOM.enterOrderDetails(OrderLoginPOM.java:67)
	at com.training.pom.OrderLoginPOM.enterOrderDetails(OrderLoginPOM.java:67)
	at com.training.pom.OrderLoginPOM.enterOrderDetails(OrderLoginPOM.java:67)
	at com.training.pom.OrderLoginPOM.enterOrderDetails(OrderLoginPOM.java:67)
	at com.training.pom.OrderLoginPOM.enterOrderDetails(OrderLoginPOM.java:67)
	at com.training.pom.OrderLoginPOM.enterOrderDetails(OrderLoginPOM.java:67)
	at com.training.pom.OrderLoginPOM.enterOrderDetails(OrderLoginPOM.java:67)
	at com.training.pom.OrderLoginPOM.enterOrderDetails(OrderLoginPOM.java:67)
	at com.training.pom.OrderLoginPOM.enterOrderDetails(OrderLoginPOM.java:67)
	at com.training.pom.OrderLoginPOM.enterOrderDetails(OrderLoginPOM.java:67)
	at com.training.pom.OrderLoginPOM.enterOrderDetails(OrderLoginPOM.java:67)
	at com.training.pom.OrderLoginPOM.enterOrderDetails(OrderLoginPOM.java:67)
	at com.training.pom.OrderLoginPOM.enterOrderDetails(OrderLoginPOM.java:67)
	at com.training.pom.OrderLoginPOM.enterOrderDetails(OrderLoginPOM.java:67)
	at com.training.pom.OrderLoginPOM.enterOrderDetails(OrderLoginPOM.java:67)
	at com.training.pom.OrderLoginPOM.enterOrderDetails(OrderLoginPOM.java:67)
	at com.training.pom.OrderLoginPOM.enterOrderDetails(OrderLoginPOM.java:67)
	at com.training.pom.OrderLoginPOM.enterOrderDetails(OrderLoginPOM.java:67)
	at com.training.pom.OrderLoginPOM.enterOrderDetails(OrderLoginPOM.java:67)
	at com.training.pom.OrderLoginPOM.enterOrderDetails(OrderLoginPOM.java:67)
	at com.training.pom.OrderLoginPOM.enterOrderDetails(OrderLoginPOM.java:67)
	at com.training.pom.OrderLoginPOM.enterOrderDetails(OrderLoginPOM.java:67)
	at com.training.pom.OrderLoginPOM.enterOrderDetails(OrderLoginPOM.java:67)
	at com.training.pom.OrderLoginPOM.enterOrderDetails(OrderLoginPOM.java:67)
	at com.training.pom.OrderLoginPOM.enterOrderDetails(OrderLoginPOM.java:67)
	at com.training.pom.OrderLoginPOM.enterOrderDetails(OrderLoginPOM.java:67)
	at com.training.pom.OrderLoginPOM.enterOrderDetails(OrderLoginPOM.java:67)
	at com.training.pom.OrderLoginPOM.enterOrderDetails(OrderLoginPOM.java:67)
	at com.training.pom.OrderLoginPOM.enterOrderDetails(OrderLoginPOM.java:67)
	at com.training.pom.OrderLoginPOM.enterOrderDetails(OrderLoginPOM.java:67)
	at com.training.pom.OrderLoginPOM.enterOrderDetails(OrderLoginPOM.java:67)
	at com.training.pom.OrderLoginPOM.enterOrderDetails(OrderLoginPOM.java:67)
	at com.training.pom.OrderLoginPOM.enterOrderDetails(OrderLoginPOM.java:67)
	at com.training.pom.OrderLoginPOM.enterOrderDetails(OrderLoginPOM.java:67)
	at com.training.pom.OrderLoginPOM.enterOrderDetails(OrderLoginPOM.java:67)
	at com.training.pom.OrderLoginPOM.enterOrderDetails(OrderLoginPOM.java:67)
	at com.training.pom.OrderLoginPOM.enterOrderDetails(OrderLoginPOM.java:67)
	at com.training.pom.OrderLoginPOM.enterOrderDetails(OrderLoginPOM.java:67)
	at com.training.pom.OrderLoginPOM.enterOrderDetails(OrderLoginPOM.java:67)
	at com.training.pom.OrderLoginPOM.enterOrderDetails(OrderLoginPOM.java:67)
	at com.training.pom.OrderLoginPOM.enterOrderDetails(OrderLoginPOM.java:67)
	at com.training.pom.OrderLoginPOM.enterOrderDetails(OrderLoginPOM.java:67)
	at com.training.pom.OrderLoginPOM.enterOrderDetails(OrderLoginPOM.java:67)
	at com.training.pom.OrderLoginPOM.enterOrderDetails(OrderLoginPOM.java:67)
	at com.training.pom.OrderLoginPOM.enterOrderDetails(OrderLoginPOM.java:67)
	at com.training.pom.OrderLoginPOM.enterOrderDetails(OrderLoginPOM.java:67)
	at com.training.pom.OrderLoginPOM.enterOrderDetails(OrderLoginPOM.java:67)
	at com.training.pom.OrderLoginPOM.enterOrderDetails(OrderLoginPOM.java:67)
	at com.training.pom.OrderLoginPOM.enterOrderDetails(OrderLoginPOM.java:67)
	at com.training.pom.OrderLoginPOM.enterOrderDetails(OrderLoginPOM.java:67)
	at com.training.pom.OrderLoginPOM.enterOrderDetails(OrderLoginPOM.java:67)
	at com.training.pom.OrderLoginPOM.enterOrderDetails(OrderLoginPOM.java:67)
	at com.training.pom.OrderLoginPOM.enterOrderDetails(OrderLoginPOM.java:67)
	at com.training.pom.OrderLoginPOM.enterOrderDetails(OrderLoginPOM.java:67)
	at com.training.pom.OrderLoginPOM.enterOrderDetails(OrderLoginPOM.java:67)
	at com.training.pom.OrderLoginPOM.enterOrderDetails(OrderLoginPOM.java:67)
	at com.training.pom.OrderLoginPOM.enterOrderDetails(OrderLoginPOM.java:67)
	at com.training.pom.OrderLoginPOM.enterOrderDetails(OrderLoginPOM.java:67)
	at com.training.pom.OrderLoginPOM.enterOrderDetails(OrderLoginPOM.java:67)
	at com.training.pom.OrderLoginPOM.enterOrderDetails(OrderLoginPOM.java:67)
	at com.training.pom.OrderLoginPOM.enterOrderDetails(OrderLoginPOM.java:67)
	at com.training.pom.OrderLoginPOM.enterOrderDetails(OrderLoginPOM.java:67)
	at com.training.pom.OrderLoginPOM.enterOrderDetails(OrderLoginPOM.java:67)
	at com.training.pom.OrderLoginPOM.enterOrderDetails(OrderLoginPOM.java:67)
	at com.training.pom.OrderLoginPOM.enterOrderDetails(OrderLoginPOM.java:67)
	at com.training.pom.OrderLoginPOM.enterOrderDetails(OrderLoginPOM.java:67)
	at com.training.pom.OrderLoginPOM.enterOrderDetails(OrderLoginPOM.java:67)
	at com.training.pom.OrderLoginPOM.enterOrderDetails(OrderLoginPOM.java:67)
	at com.training.pom.OrderLoginPOM.enterOrderDetails(OrderLoginPOM.java:67)
	at com.training.pom.OrderLoginPOM.enterOrderDetails(OrderLoginPOM.java:67)
	at com.training.pom.OrderLoginPOM.enterOrderDetails(OrderLoginPOM.java:67)
	at com.training.pom.OrderLoginPOM.enterOrderDetails(OrderLoginPOM.java:67)
	at com.training.pom.OrderLoginPOM.enterOrderDetails(OrderLoginPOM.java:67)
	at com.training.pom.OrderLoginPOM.enterOrderDetails(OrderLoginPOM.java:67)
	at com.training.pom.OrderLoginPOM.enterOrderDetails(OrderLoginPOM.java:67)
	at com.training.pom.OrderLoginPOM.enterOrderDetails(OrderLoginPOM.java:67)
	at com.training.pom.OrderLoginPOM.enterOrderDetails(OrderLoginPOM.java:67)
	at com.training.pom.OrderLoginPOM.enterOrderDetails(OrderLoginPOM.java:67)
	at com.training.pom.OrderLoginPOM.enterOrderDetails(OrderLoginPOM.java:67)
	at com.training.pom.OrderLoginPOM.enterOrderDetails(OrderLoginPOM.java:67)
	at com.training.pom.OrderLoginPOM.enterOrderDetails(OrderLoginPOM.java:67)
	at com.training.pom.OrderLoginPOM.enterOrderDetails(OrderLoginPOM.java:67)
	at com.training.pom.OrderLoginPOM.enterOrderDetails(OrderLoginPOM.java:67)
	at com.training.pom.OrderLoginPOM.enterOrderDetails(OrderLoginPOM.java:67)
	at com.training.pom.OrderLoginPOM.enterOrderDetails(OrderLoginPOM.java:67)
	at com.training.pom.OrderLoginPOM.enterOrderDetails(OrderLoginPOM.java:67)
	at com.training.pom.OrderLoginPOM.enterOrderDetails(OrderLoginPOM.java:67)
	at com.training.pom.OrderLoginPOM.enterOrderDetails(OrderLoginPOM.java:67)
	at com.training.pom.OrderLoginPOM.enterOrderDetails(OrderLoginPOM.java:67)
	at com.training.pom.OrderLoginPOM.enterOrderDetails(OrderLoginPOM.java:67)
	at com.training.pom.OrderLoginPOM.enterOrderDetails(OrderLoginPOM.java:67)
	at com.training.pom.OrderLoginPOM.enterOrderDetails(OrderLoginPOM.java:67)
	at com.training.pom.OrderLoginPOM.enterOrderDetails(OrderLoginPOM.java:67)
	at com.training.pom.OrderLoginPOM.enterOrderDetails(OrderLoginPOM.java:67)
	at com.training.pom.OrderLoginPOM.enterOrderDetails(OrderLoginPOM.java:67)
	at com.training.pom.OrderLoginPOM.enterOrderDetails(OrderLoginPOM.java:67)
	at com.training.pom.OrderLoginPOM.enterOrderDetails(OrderLoginPOM.java:67)
	at com.training.pom.OrderLoginPOM.enterOrderDetails(OrderLoginPOM.java:67)
	at com.training.pom.OrderLoginPOM.enterOrderDetails(OrderLoginPOM.java:67)
	at com.training.pom.OrderLoginPOM.enterOrderDetails(OrderLoginPOM.java:67)
	at com.training.pom.OrderLoginPOM.enterOrderDetails(OrderLoginPOM.java:67)
	at com.training.pom.OrderLoginPOM.enterOrderDetails(OrderLoginPOM.java:67)
	at com.training.pom.OrderLoginPOM.enterOrderDetails(OrderLoginPOM.java:67)
	at com.training.pom.OrderLoginPOM.enterOrderDetails(OrderLoginPOM.java:67)
	at com.training.pom.OrderLoginPOM.enterOrderDetails(OrderLoginPOM.java:67)
	at com.training.pom.OrderLoginPOM.enterOrderDetails(OrderLoginPOM.java:67)
	at com.training.pom.OrderLoginPOM.enterOrderDetails(OrderLoginPOM.java:67)
	at com.training.pom.OrderLoginPOM.enterOrderDetails(OrderLoginPOM.java:67)
	at com.training.pom.OrderLoginPOM.enterOrderDetails(OrderLoginPOM.java:67)
	at com.training.pom.OrderLoginPOM.enterOrderDetails(OrderLoginPOM.java:67)
	at com.training.pom.OrderLoginPOM.enterOrderDetails(OrderLoginPOM.java:67)
	at com.training.pom.OrderLoginPOM.enterOrderDetails(OrderLoginPOM.java:67)
	at com.training.pom.OrderLoginPOM.enterOrderDetails(OrderLoginPOM.java:67)
	at com.training.pom.OrderLoginPOM.enterOrderDetails(OrderLoginPOM.java:67)
	at com.training.pom.OrderLoginPOM.enterOrderDetails(OrderLoginPOM.java:67)
	at com.training.pom.OrderLoginPOM.enterOrderDetails(OrderLoginPOM.java:67)
	at com.training.pom.OrderLoginPOM.enterOrderDetails(OrderLoginPOM.java:67)
	at com.training.pom.OrderLoginPOM.enterOrderDetails(OrderLoginPOM.java:67)
	at com.training.pom.OrderLoginPOM.enterOrderDetails(OrderLoginPOM.java:67)
	at com.training.pom.OrderLoginPOM.enterOrderDetails(OrderLoginPOM.java:67)
	at com.training.pom.OrderLoginPOM.enterOrderDetails(OrderLoginPOM.java:67)
	at com.training.pom.OrderLoginPOM.enterOrderDetails(OrderLoginPOM.java:67)
	at com.training.pom.OrderLoginPOM.enterOrderDetails(OrderLoginPOM.java:67)
	at com.training.pom.OrderLoginPOM.enterOrderDetails(OrderLoginPOM.java:67)
	at com.training.pom.OrderLoginPOM.enterOrderDetails(OrderLoginPOM.java:67)
	at com.training.pom.OrderLoginPOM.enterOrderDetails(OrderLoginPOM.java:67)
	at com.training.pom.OrderLoginPOM.enterOrderDetails(OrderLoginPOM.java:67)
	at com.training.pom.OrderLoginPOM.enterOrderDetails(OrderLoginPOM.java:67)
	at com.training.pom.OrderLoginPOM.enterOrderDetails(OrderLoginPOM.java:67)
	at com.training.pom.OrderLoginPOM.enterOrderDetails(OrderLoginPOM.java:67)
	at com.training.pom.OrderLoginPOM.enterOrderDetails(OrderLoginPOM.java:67)
	at com.training.pom.OrderLoginPOM.enterOrderDetails(OrderLoginPOM.java:67)
	at com.training.pom.OrderLoginPOM.enterOrderDetails(OrderLoginPOM.java:67)
	at com.training.pom.OrderLoginPOM.enterOrderDetails(OrderLoginPOM.java:67)
	at com.training.pom.OrderLoginPOM.enterOrderDetails(OrderLoginPOM.java:67)
	at com.training.pom.OrderLoginPOM.enterOrderDetails(OrderLoginPOM.java:67)
	at com.training.pom.OrderLoginPOM.enterOrderDetails(OrderLoginPOM.java:67)
	at com.training.pom.OrderLoginPOM.enterOrderDetails(OrderLoginPOM.java:67)
	at com.training.pom.OrderLoginPOM.enterOrderDetails(OrderLoginPOM.java:67)
	at com.training.pom.OrderLoginPOM.enterOrderDetails(OrderLoginPOM.java:67)
	at com.training.pom.OrderLoginPOM.enterOrderDetails(OrderLoginPOM.java:67)
	at com.training.pom.OrderLoginPOM.enterOrderDetails(OrderLoginPOM.java:67)
	at com.training.pom.OrderLoginPOM.enterOrderDetails(OrderLoginPOM.java:67)
	at com.training.pom.OrderLoginPOM.enterOrderDetails(OrderLoginPOM.java:67)
	at com.training.pom.OrderLoginPOM.enterOrderDetails(OrderLoginPOM.java:67)
	at com.training.pom.OrderLoginPOM.enterOrderDetails(OrderLoginPOM.java:67)
	at com.training.pom.OrderLoginPOM.enterOrderDetails(OrderLoginPOM.java:67)
	at com.training.pom.OrderLoginPOM.enterOrderDetails(OrderLoginPOM.java:67)
	at com.training.pom.OrderLoginPOM.enterOrderDetails(OrderLoginPOM.java:67)
	at com.training.pom.OrderLoginPOM.enterOrderDetails(OrderLoginPOM.java:67)
	at com.training.pom.OrderLoginPOM.enterOrderDetails(OrderLoginPOM.java:67)
	at com.training.pom.OrderLoginPOM.enterOrderDetails(OrderLoginPOM.java:67)
	at com.training.pom.OrderLoginPOM.enterOrderDetails(OrderLoginPOM.java:67)
	at com.training.pom.OrderLoginPOM.enterOrderDetails(OrderLoginPOM.java:67)
	at com.training.pom.OrderLoginPOM.enterOrderDetails(OrderLoginPOM.java:67)
	at com.training.pom.OrderLoginPOM.enterOrderDetails(OrderLoginPOM.java:67)
	at com.training.pom.OrderLoginPOM.enterOrderDetails(OrderLoginPOM.java:67)
	at com.training.pom.OrderLoginPOM.enterOrderDetails(OrderLoginPOM.java:67)
	at com.training.pom.OrderLoginPOM.enterOrderDetails(OrderLoginPOM.java:67)
	at com.training.pom.OrderLoginPOM.enterOrderDetails(OrderLoginPOM.java:67)
	at com.training.pom.OrderLoginPOM.enterOrderDetails(OrderLoginPOM.java:67)
	at com.training.pom.OrderLoginPOM.enterOrderDetails(OrderLoginPOM.java:67)
	at com.training.pom.OrderLoginPOM.enterOrderDetails(OrderLoginPOM.java:67)
	at com.training.pom.OrderLoginPOM.enterOrderDetails(OrderLoginPOM.java:67)
	at com.training.pom.OrderLoginPOM.enterOrderDetails(OrderLoginPOM.java:67)
	at com.training.pom.OrderLoginPOM.enterOrderDetails(OrderLoginPOM.java:67)
	at com.training.pom.OrderLoginPOM.enterOrderDetails(OrderLoginPOM.java:67)
	at com.training.pom.OrderLoginPOM.enterOrderDetails(OrderLoginPOM.java:67)
	at com.training.pom.OrderLoginPOM.enterOrderDetails(OrderLoginPOM.java:67)
	at com.training.pom.OrderLoginPOM.enterOrderDetails(OrderLoginPOM.java:67)
	at com.training.pom.OrderLoginPOM.enterOrderDetails(OrderLoginPOM.java:67)
	at com.training.pom.OrderLoginPOM.enterOrderDetails(OrderLoginPOM.java:67)
	at com.training.pom.OrderLoginPOM.enterOrderDetails(OrderLoginPOM.java:67)
	at com.training.pom.OrderLoginPOM.enterOrderDetails(OrderLoginPOM.java:67)
	at com.training.pom.OrderLoginPOM.enterOrderDetails(OrderLoginPOM.java:67)
	at com.training.pom.OrderLoginPOM.enterOrderDetails(OrderLoginPOM.java:67)
	at com.training.pom.OrderLoginPOM.enterOrderDetails(OrderLoginPOM.java:67)
	at com.training.pom.OrderLoginPOM.enterOrderDetails(OrderLoginPOM.java:67)
	at com.training.pom.OrderLoginPOM.enterOrderDetails(OrderLoginPOM.java:67)
	at com.training.pom.OrderLoginPOM.enterOrderDetails(OrderLoginPOM.java:67)
	at com.training.pom.OrderLoginPOM.enterOrderDetails(OrderLoginPOM.java:67)
	at com.training.pom.OrderLoginPOM.enterOrderDetails(OrderLoginPOM.java:67)
	at com.training.pom.OrderLoginPOM.enterOrderDetails(OrderLoginPOM.java:67)
	at com.training.pom.OrderLoginPOM.enterOrderDetails(OrderLoginPOM.java:67)
	at com.training.pom.OrderLoginPOM.enterOrderDetails(OrderLoginPOM.java:67)
	at com.training.pom.OrderLoginPOM.enterOrderDetails(OrderLoginPOM.java:67)
	at com.training.pom.OrderLoginPOM.enterOrderDetails(OrderLoginPOM.java:67)
	at com.training.pom.OrderLoginPOM.enterOrderDetails(OrderLoginPOM.java:67)
	at com.training.pom.OrderLoginPOM.enterOrderDetails(OrderLoginPOM.java:67)
	at com.training.pom.OrderLoginPOM.enterOrderDetails(OrderLoginPOM.java:67)
	at com.training.pom.OrderLoginPOM.enterOrderDetails(OrderLoginPOM.java:67)
	at com.training.pom.OrderLoginPOM.enterOrderDetails(OrderLoginPOM.java:67)
	at com.training.pom.OrderLoginPOM.enterOrderDetails(OrderLoginPOM.java:67)
	at com.training.pom.OrderLoginPOM.enterOrderDetails(OrderLoginPOM.java:67)
	at com.training.pom.OrderLoginPOM.enterOrderDetails(OrderLoginPOM.java:67)
	at com.training.pom.OrderLoginPOM.enterOrderDetails(OrderLoginPOM.java:67)
	at com.training.pom.OrderLoginPOM.enterOrderDetails(OrderLoginPOM.java:67)
	at com.training.pom.OrderLoginPOM.enterOrderDetails(OrderLoginPOM.java:67)
	at com.training.pom.OrderLoginPOM.enterOrderDetails(OrderLoginPOM.java:67)
	at com.training.pom.OrderLoginPOM.enterOrderDetails(OrderLoginPOM.java:67)
	at com.training.pom.OrderLoginPOM.enterOrderDetails(OrderLoginPOM.java:67)
	at com.training.pom.OrderLoginPOM.enterOrderDetails(OrderLoginPOM.java:67)
	at com.training.pom.OrderLoginPOM.enterOrderDetails(OrderLoginPOM.java:67)
	at com.training.pom.OrderLoginPOM.enterOrderDetails(OrderLoginPOM.java:67)
	at com.training.pom.OrderLoginPOM.enterOrderDetails(OrderLoginPOM.java:67)
	at com.training.pom.OrderLoginPOM.enterOrderDetails(OrderLoginPOM.java:67)
	at com.training.pom.OrderLoginPOM.enterOrderDetails(OrderLoginPOM.java:67)
	at com.training.pom.OrderLoginPOM.enterOrderDetails(OrderLoginPOM.java:67)
	at com.training.pom.OrderLoginPOM.enterOrderDetails(OrderLoginPOM.java:67)
	at com.training.pom.OrderLoginPOM.enterOrderDetails(OrderLoginPOM.java:67)
	at com.training.pom.OrderLoginPOM.enterOrderDetails(OrderLoginPOM.java:67)
	at com.training.pom.OrderLoginPOM.enterOrderDetails(OrderLoginPOM.java:67)
	at com.training.pom.OrderLoginPOM.enterOrderDetails(OrderLoginPOM.java:67)
	at com.training.pom.OrderLoginPOM.enterOrderDetails(OrderLoginPOM.java:67)
	at com.training.pom.OrderLoginPOM.enterOrderDetails(OrderLoginPOM.java:67)
	at com.training.pom.OrderLoginPOM.enterOrderDetails(OrderLoginPOM.java:67)
	at com.training.pom.OrderLoginPOM.enterOrderDetails(OrderLoginPOM.java:67)
	at com.training.pom.OrderLoginPOM.enterOrderDetails(OrderLoginPOM.java:67)
	at com.training.pom.OrderLoginPOM.enterOrderDetails(OrderLoginPOM.java:67)
	at com.training.pom.OrderLoginPOM.enterOrderDetails(OrderLoginPOM.java:67)
	at com.training.pom.OrderLoginPOM.enterOrderDetails(OrderLoginPOM.java:67)
	at com.training.pom.OrderLoginPOM.enterOrderDetails(OrderLoginPOM.java:67)
	at com.training.pom.OrderLoginPOM.enterOrderDetails(OrderLoginPOM.java:67)
	at com.training.pom.OrderLoginPOM.enterOrderDetails(OrderLoginPOM.java:67)
	at com.training.pom.OrderLoginPOM.enterOrderDetails(OrderLoginPOM.java:67)
	at com.training.pom.OrderLoginPOM.enterOrderDetails(OrderLoginPOM.java:67)
	at com.training.pom.OrderLoginPOM.enterOrderDetails(OrderLoginPOM.java:67)
	at com.training.pom.OrderLoginPOM.enterOrderDetails(OrderLoginPOM.java:67)
	at com.training.pom.OrderLoginPOM.enterOrderDetails(OrderLoginPOM.java:67)
	at com.training.pom.OrderLoginPOM.enterOrderDetails(OrderLoginPOM.java:67)
	at com.training.pom.OrderLoginPOM.enterOrderDetails(OrderLoginPOM.java:67)
	at com.training.pom.OrderLoginPOM.enterOrderDetails(OrderLoginPOM.java:67)
	at com.training.pom.OrderLoginPOM.enterOrderDetails(OrderLoginPOM.java:67)
	at com.training.pom.OrderLoginPOM.enterOrderDetails(OrderLoginPOM.java:67)
	at com.training.pom.OrderLoginPOM.enterOrderDetails(OrderLoginPOM.java:67)
	at com.training.pom.OrderLoginPOM.enterOrderDetails(OrderLoginPOM.java:67)
	at com.training.pom.OrderLoginPOM.enterOrderDetails(OrderLoginPOM.java:67)
	at com.training.pom.OrderLoginPOM.enterOrderDetails(OrderLoginPOM.java:67)
	at com.training.pom.OrderLoginPOM.enterOrderDetails(OrderLoginPOM.java:67)
	at com.training.pom.OrderLoginPOM.enterOrderDetails(OrderLoginPOM.java:67)
	at com.training.pom.OrderLoginPOM.enterOrderDetails(OrderLoginPOM.java:67)
	at com.training.pom.OrderLoginPOM.enterOrderDetails(OrderLoginPOM.java:67)
	at com.training.pom.OrderLoginPOM.enterOrderDetails(OrderLoginPOM.java:67)
	at com.training.pom.OrderLoginPOM.enterOrderDetails(OrderLoginPOM.java:67)
	at com.training.pom.OrderLoginPOM.enterOrderDetails(OrderLoginPOM.java:67)
	at com.training.pom.OrderLoginPOM.enterOrderDetails(OrderLoginPOM.java:67)
	at com.training.pom.OrderLoginPOM.enterOrderDetails(OrderLoginPOM.java:67)
	at com.training.pom.OrderLoginPOM.enterOrderDetails(OrderLoginPOM.java:67)
	at com.training.pom.OrderLoginPOM.enterOrderDetails(OrderLoginPOM.java:67)
	at com.training.pom.OrderLoginPOM.enterOrderDetails(OrderLoginPOM.java:67)
	at com.training.pom.OrderLoginPOM.enterOrderDetails(OrderLoginPOM.java:67)
	at com.training.pom.OrderLoginPOM.enterOrderDetails(OrderLoginPOM.java:67)
	at com.training.pom.OrderLoginPOM.enterOrderDetails(OrderLoginPOM.java:67)
	at com.training.pom.OrderLoginPOM.enterOrderDetails(OrderLoginPOM.java:67)
	at com.training.pom.OrderLoginPOM.enterOrderDetails(OrderLoginPOM.java:67)
	at com.training.pom.OrderLoginPOM.enterOrderDetails(OrderLoginPOM.java:67)
	at com.training.pom.OrderLoginPOM.enterOrderDetails(OrderLoginPOM.java:67)
	at com.training.pom.OrderLoginPOM.enterOrderDetails(OrderLoginPOM.java:67)
	at com.training.pom.OrderLoginPOM.enterOrderDetails(OrderLoginPOM.java:67)
	at com.training.pom.OrderLoginPOM.enterOrderDetails(OrderLoginPOM.java:67)
	at com.training.pom.OrderLoginPOM.enterOrderDetails(OrderLoginPOM.java:67)
	at com.training.pom.OrderLoginPOM.enterOrderDetails(OrderLoginPOM.java:67)
	at com.training.pom.OrderLoginPOM.enterOrderDetails(OrderLoginPOM.java:67)
	at com.training.pom.OrderLoginPOM.enterOrderDetails(OrderLoginPOM.java:67)
	at com.training.pom.OrderLoginPOM.enterOrderDetails(OrderLoginPOM.java:67)
	at com.training.pom.OrderLoginPOM.enterOrderDetails(OrderLoginPOM.java:67)
	at com.training.pom.OrderLoginPOM.enterOrderDetails(OrderLoginPOM.java:67)
	at com.training.pom.OrderLoginPOM.enterOrderDetails(OrderLoginPOM.java:67)
	at com.training.pom.OrderLoginPOM.enterOrderDetails(OrderLoginPOM.java:67)
	at com.training.pom.OrderLoginPOM.enterOrderDetails(OrderLoginPOM.java:67)
	at com.training.pom.OrderLoginPOM.enterOrderDetails(OrderLoginPOM.java:67)
	at com.training.pom.OrderLoginPOM.enterOrderDetails(OrderLoginPOM.java:67)
	at com.training.pom.OrderLoginPOM.enterOrderDetails(OrderLoginPOM.java:67)
	at com.training.pom.OrderLoginPOM.enterOrderDetails(OrderLoginPOM.java:67)
	at com.training.pom.OrderLoginPOM.enterOrderDetails(OrderLoginPOM.java:67)
	at com.training.pom.OrderLoginPOM.enterOrderDetails(OrderLoginPOM.java:67)
	at com.training.pom.OrderLoginPOM.enterOrderDetails(OrderLoginPOM.java:67)
	at com.training.pom.OrderLoginPOM.enterOrderDetails(OrderLoginPOM.java:67)
	at com.training.pom.OrderLoginPOM.enterOrderDetails(OrderLoginPOM.java:67)
	at com.training.pom.OrderLoginPOM.enterOrderDetails(OrderLoginPOM.java:67)
	at com.training.pom.OrderLoginPOM.enterOrderDetails(OrderLoginPOM.java:67)
	at com.training.pom.OrderLoginPOM.enterOrderDetails(OrderLoginPOM.java:67)
	at com.training.pom.OrderLoginPOM.enterOrderDetails(OrderLoginPOM.java:67)
	at com.training.pom.OrderLoginPOM.enterOrderDetails(OrderLoginPOM.java:67)
	at com.training.pom.OrderLoginPOM.enterOrderDetails(OrderLoginPOM.java:67)
	at com.training.pom.OrderLoginPOM.enterOrderDetails(OrderLoginPOM.java:67)
	at com.training.pom.OrderLoginPOM.enterOrderDetails(OrderLoginPOM.java:67)
	at com.training.pom.OrderLoginPOM.enterOrderDetails(OrderLoginPOM.java:67)
	at com.training.pom.OrderLoginPOM.enterOrderDetails(OrderLoginPOM.java:67)
	at com.training.pom.OrderLoginPOM.enterOrderDetails(OrderLoginPOM.java:67)
	at com.training.pom.OrderLoginPOM.enterOrderDetails(OrderLoginPOM.java:67)
	at com.training.pom.OrderLoginPOM.enterOrderDetails(OrderLoginPOM.java:67)
	at com.training.pom.OrderLoginPOM.enterOrderDetails(OrderLoginPOM.java:67)
	at com.training.pom.OrderLoginPOM.enterOrderDetails(OrderLoginPOM.java:67)
	at com.training.pom.OrderLoginPOM.enterOrderDetails(OrderLoginPOM.java:67)
	at com.training.pom.OrderLoginPOM.enterOrderDetails(OrderLoginPOM.java:67)
	at com.training.pom.OrderLoginPOM.enterOrderDetails(OrderLoginPOM.java:67)
	at com.training.pom.OrderLoginPOM.enterOrderDetails(OrderLoginPOM.java:67)
	at com.training.pom.OrderLoginPOM.enterOrderDetails(OrderLoginPOM.java:67)
	at com.training.pom.OrderLoginPOM.enterOrderDetails(OrderLoginPOM.java:67)
	at com.training.pom.OrderLoginPOM.enterOrderDetails(OrderLoginPOM.java:67)
	at com.training.pom.OrderLoginPOM.enterOrderDetails(OrderLoginPOM.java:67)
	at com.training.pom.OrderLoginPOM.enterOrderDetails(OrderLoginPOM.java:67)
	at com.training.pom.OrderLoginPOM.enterOrderDetails(OrderLoginPOM.java:67)
	at com.training.pom.OrderLoginPOM.enterOrderDetails(OrderLoginPOM.java:67)
	at com.training.pom.OrderLoginPOM.enterOrderDetails(OrderLoginPOM.java:67)
	at com.training.pom.OrderLoginPOM.enterOrderDetails(OrderLoginPOM.java:67)
	at com.training.pom.OrderLoginPOM.enterOrderDetails(OrderLoginPOM.java:67)
	at com.training.pom.OrderLoginPOM.enterOrderDetails(OrderLoginPOM.java:67)
	at com.training.pom.OrderLoginPOM.enterOrderDetails(OrderLoginPOM.java:67)
	at com.training.pom.OrderLoginPOM.enterOrderDetails(OrderLoginPOM.java:67)
	at com.training.pom.OrderLoginPOM.enterOrderDetails(OrderLoginPOM.java:67)
	at com.training.pom.OrderLoginPOM.enterOrderDetails(OrderLoginPOM.java:67)
	at com.training.pom.OrderLoginPOM.enterOrderDetails(OrderLoginPOM.java:67)
	at com.training.pom.OrderLoginPOM.enterOrderDetails(OrderLoginPOM.java:67)
	at com.training.pom.OrderLoginPOM.enterOrderDetails(OrderLoginPOM.java:67)
	at com.training.pom.OrderLoginPOM.enterOrderDetails(OrderLoginPOM.java:67)
	at com.training.pom.OrderLoginPOM.enterOrderDetails(OrderLoginPOM.java:67)
	at com.training.pom.OrderLoginPOM.enterOrderDetails(OrderLoginPOM.java:67)
	at com.training.pom.OrderLoginPOM.enterOrderDetails(OrderLoginPOM.java:67)
	at com.training.pom.OrderLoginPOM.enterOrderDetails(OrderLoginPOM.java:67)
	at com.training.pom.OrderLoginPOM.enterOrderDetails(OrderLoginPOM.java:67)
	at com.training.pom.OrderLoginPOM.enterOrderDetails(OrderLoginPOM.java:67)
	at com.training.pom.OrderLoginPOM.enterOrderDetails(OrderLoginPOM.java:67)
	at com.training.pom.OrderLoginPOM.enterOrderDetails(OrderLoginPOM.java:67)
	at com.training.pom.OrderLoginPOM.enterOrderDetails(OrderLoginPOM.java:67)
	at com.training.pom.OrderLoginPOM.enterOrderDetails(OrderLoginPOM.java:67)
	at com.training.pom.OrderLoginPOM.enterOrderDetails(OrderLoginPOM.java:67)
	at com.training.pom.OrderLoginPOM.enterOrderDetails(OrderLoginPOM.java:67)
	at com.training.pom.OrderLoginPOM.enterOrderDetails(OrderLoginPOM.java:67)
	at com.training.pom.OrderLoginPOM.enterOrderDetails(OrderLoginPOM.java:67)
	at com.training.pom.OrderLoginPOM.enterOrderDetails(OrderLoginPOM.java:67)
	at com.training.pom.OrderLoginPOM.enterOrderDetails(OrderLoginPOM.java:67)
	at com.training.pom.OrderLoginPOM.enterOrderDetails(OrderLoginPOM.java:67)
	at com.training.pom.OrderLoginPOM.enterOrderDetails(OrderLoginPOM.java:67)
	at com.training.pom.OrderLoginPOM.enterOrderDetails(OrderLoginPOM.java:67)
	at com.training.pom.OrderLoginPOM.enterOrderDetails(OrderLoginPOM.java:67)
	at com.training.pom.OrderLoginPOM.enterOrderDetails(OrderLoginPOM.java:67)
	at com.training.pom.OrderLoginPOM.enterOrderDetails(OrderLoginPOM.java:67)
	at com.training.pom.OrderLoginPOM.enterOrderDetails(OrderLoginPOM.java:67)
	at com.training.pom.OrderLoginPOM.enterOrderDetails(OrderLoginPOM.java:67)
	at com.training.pom.OrderLoginPOM.enterOrderDetails(OrderLoginPOM.java:67)
	at com.training.pom.OrderLoginPOM.enterOrderDetails(OrderLoginPOM.java:67)
	at com.training.pom.OrderLoginPOM.enterOrderDetails(OrderLoginPOM.java:67)
	at com.training.pom.OrderLoginPOM.enterOrderDetails(OrderLoginPOM.java:67)
	at com.training.pom.OrderLoginPOM.enterOrderDetails(OrderLoginPOM.java:67)
	at com.training.pom.OrderLoginPOM.enterOrderDetails(OrderLoginPOM.java:67)
	at com.training.pom.OrderLoginPOM.enterOrderDetails(OrderLoginPOM.java:67)
	at com.training.pom.OrderLoginPOM.enterOrderDetails(OrderLoginPOM.java:67)
	at com.training.pom.OrderLoginPOM.enterOrderDetails(OrderLoginPOM.java:67)
	at com.training.pom.OrderLoginPOM.enterOrderDetails(OrderLoginPOM.java:67)
	at com.training.pom.OrderLoginPOM.enterOrderDetails(OrderLoginPOM.java:67)
	at com.training.pom.OrderLoginPOM.enterOrderDetails(OrderLoginPOM.java:67)
	at com.training.pom.OrderLoginPOM.enterOrderDetails(OrderLoginPOM.java:67)
	at com.training.pom.OrderLoginPOM.enterOrderDetails(OrderLoginPOM.java:67)
	at com.training.pom.OrderLoginPOM.enterOrderDetails(OrderLoginPOM.java:67)
	at com.training.pom.OrderLoginPOM.enterOrderDetails(OrderLoginPOM.java:67)
	at com.training.pom.OrderLoginPOM.enterOrderDetails(OrderLoginPOM.java:67)
	at com.training.pom.OrderLoginPOM.enterOrderDetails(OrderLoginPOM.java:67)
	at com.training.pom.OrderLoginPOM.enterOrderDetails(OrderLoginPOM.java:67)
	at com.training.pom.OrderLoginPOM.enterOrderDetails(OrderLoginPOM.java:67)
	at com.training.pom.OrderLoginPOM.enterOrderDetails(OrderLoginPOM.java:67)
	at com.training.pom.OrderLoginPOM.enterOrderDetails(OrderLoginPOM.java:67)
	at com.training.pom.OrderLoginPOM.enterOrderDetails(OrderLoginPOM.java:67)
	at com.training.pom.OrderLoginPOM.enterOrderDetails(OrderLoginPOM.java:67)
	at com.training.pom.OrderLoginPOM.enterOrderDetails(OrderLoginPOM.java:67)
	at com.training.pom.OrderLoginPOM.enterOrderDetails(OrderLoginPOM.java:67)
	at com.training.pom.OrderLoginPOM.enterOrderDetails(OrderLoginPOM.java:67)
	at com.training.pom.OrderLoginPOM.enterOrderDetails(OrderLoginPOM.java:67)
	at com.training.pom.OrderLoginPOM.enterOrderDetails(OrderLoginPOM.java:67)
	at com.training.pom.OrderLoginPOM.enterOrderDetails(OrderLoginPOM.java:67)
	at com.training.pom.OrderLoginPOM.enterOrderDetails(OrderLoginPOM.java:67)
	at com.training.pom.OrderLoginPOM.enterOrderDetails(OrderLoginPOM.java:67)
	at com.training.pom.OrderLoginPOM.enterOrderDetails(OrderLoginPOM.java:67)
	at com.training.pom.OrderLoginPOM.enterOrderDetails(OrderLoginPOM.java:67)
	at com.training.pom.OrderLoginPOM.enterOrderDetails(OrderLoginPOM.java:67)
	at com.training.pom.OrderLoginPOM.enterOrderDetails(OrderLoginPOM.java:67)
	at com.training.pom.OrderLoginPOM.enterOrderDetails(OrderLoginPOM.java:67)
	at com.training.pom.OrderLoginPOM.enterOrderDetails(OrderLoginPOM.java:67)
	at com.training.pom.OrderLoginPOM.enterOrderDetails(OrderLoginPOM.java:67)
	at com.training.pom.OrderLoginPOM.enterOrderDetails(OrderLoginPOM.java:67)
	at com.training.pom.OrderLoginPOM.enterOrderDetails(OrderLoginPOM.java:67)
	at com.training.pom.OrderLoginPOM.enterOrderDetails(OrderLoginPOM.java:67)
	at com.training.pom.OrderLoginPOM.enterOrderDetails(OrderLoginPOM.java:67)
	at com.training.pom.OrderLoginPOM.enterOrderDetails(OrderLoginPOM.java:67)
	at com.training.pom.OrderLoginPOM.enterOrderDetails(OrderLoginPOM.java:67)
	at com.training.pom.OrderLoginPOM.enterOrderDetails(OrderLoginPOM.java:67)
	at com.training.pom.OrderLoginPOM.enterOrderDetails(OrderLoginPOM.java:67)
	at com.training.pom.OrderLoginPOM.enterOrderDetails(OrderLoginPOM.java:67)
	at com.training.pom.OrderLoginPOM.enterOrderDetails(OrderLoginPOM.java:67)
	at com.training.pom.OrderLoginPOM.enterOrderDetails(OrderLoginPOM.java:67)
	at com.training.pom.OrderLoginPOM.enterOrderDetails(OrderLoginPOM.java:67)
	at com.training.pom.OrderLoginPOM.enterOrderDetails(OrderLoginPOM.java:67)
	at com.training.pom.OrderLoginPOM.enterOrderDetails(OrderLoginPOM.java:67)
	at com.training.pom.OrderLoginPOM.enterOrderDetails(OrderLoginPOM.java:67)
	at com.training.pom.OrderLoginPOM.enterOrderDetails(OrderLoginPOM.java:67)
	at com.training.pom.OrderLoginPOM.enterOrderDetails(OrderLoginPOM.java:67)
	at com.training.pom.OrderLoginPOM.enterOrderDetails(OrderLoginPOM.java:67)
	at com.training.pom.OrderLoginPOM.enterOrderDetails(OrderLoginPOM.java:67)
	at com.training.pom.OrderLoginPOM.enterOrderDetails(OrderLoginPOM.java:67)
	at com.training.pom.OrderLoginPOM.enterOrderDetails(OrderLoginPOM.java:67)
	at com.training.pom.OrderLoginPOM.enterOrderDetails(OrderLoginPOM.java:67)
	at com.training.pom.OrderLoginPOM.enterOrderDetails(OrderLoginPOM.java:67)
	at com.training.pom.OrderLoginPOM.enterOrderDetails(OrderLoginPOM.java:67)
	at com.training.pom.OrderLoginPOM.enterOrderDetails(OrderLoginPOM.java:67)
	at com.training.pom.OrderLoginPOM.enterOrderDetails(OrderLoginPOM.java:67)
	at com.training.pom.OrderLoginPOM.enterOrderDetails(OrderLoginPOM.java:67)
	at com.training.pom.OrderLoginPOM.enterOrderDetails(OrderLoginPOM.java:67)
	at com.training.pom.OrderLoginPOM.enterOrderDetails(OrderLoginPOM.java:67)
	at com.training.pom.OrderLoginPOM.enterOrderDetails(OrderLoginPOM.java:67)
	at com.training.pom.OrderLoginPOM.enterOrderDetails(OrderLoginPOM.java:67)
	at com.training.pom.OrderLoginPOM.enterOrderDetails(OrderLoginPOM.java:67)
	at com.training.pom.OrderLoginPOM.enterOrderDetails(OrderLoginPOM.java:67)
	at com.training.pom.OrderLoginPOM.enterOrderDetails(OrderLoginPOM.java:67)
	at com.training.pom.OrderLoginPOM.enterOrderDetails(OrderLoginPOM.java:67)
	at com.training.pom.OrderLoginPOM.enterOrderDetails(OrderLoginPOM.java:67)
	at com.training.pom.OrderLoginPOM.enterOrderDetails(OrderLoginPOM.java:67)
	at com.training.pom.OrderLoginPOM.enterOrderDetails(OrderLoginPOM.java:67)
	at com.training.pom.OrderLoginPOM.enterOrderDetails(OrderLoginPOM.java:67)
	at com.training.pom.OrderLoginPOM.enterOrderDetails(OrderLoginPOM.java:67)
	at com.training.pom.OrderLoginPOM.enterOrderDetails(OrderLoginPOM.java:67)
	at com.training.pom.OrderLoginPOM.enterOrderDetails(OrderLoginPOM.java:67)
	at com.training.pom.OrderLoginPOM.enterOrderDetails(OrderLoginPOM.java:67)
	at com.training.pom.OrderLoginPOM.enterOrderDetails(OrderLoginPOM.java:67)
	at com.training.pom.OrderLoginPOM.enterOrderDetails(OrderLoginPOM.java:67)
	at com.training.pom.OrderLoginPOM.enterOrderDetails(OrderLoginPOM.java:67)
	at com.training.pom.OrderLoginPOM.enterOrderDetails(OrderLoginPOM.java:67)
	at com.training.pom.OrderLoginPOM.enterOrderDetails(OrderLoginPOM.java:67)
	at com.training.pom.OrderLoginPOM.enterOrderDetails(OrderLoginPOM.java:67)
	at com.training.pom.OrderLoginPOM.enterOrderDetails(OrderLoginPOM.java:67)
	at com.training.pom.OrderLoginPOM.enterOrderDetails(OrderLoginPOM.java:67)
	at com.training.pom.OrderLoginPOM.enterOrderDetails(OrderLoginPOM.java:67)
	at com.training.pom.OrderLoginPOM.enterOrderDetails(OrderLoginPOM.java:67)
	at com.training.pom.OrderLoginPOM.enterOrderDetails(OrderLoginPOM.java:67)
	at com.training.pom.OrderLoginPOM.enterOrderDetails(OrderLoginPOM.java:67)
	at com.training.pom.OrderLoginPOM.enterOrderDetails(OrderLoginPOM.java:67)
	at com.training.pom.OrderLoginPOM.enterOrderDetails(OrderLoginPOM.java:67)
	at com.training.pom.OrderLoginPOM.enterOrderDetails(OrderLoginPOM.java:67)
	at com.training.pom.OrderLoginPOM.enterOrderDetails(OrderLoginPOM.java:67)
	at com.training.pom.OrderLoginPOM.enterOrderDetails(OrderLoginPOM.java:67)
	at com.training.pom.OrderLoginPOM.enterOrderDetails(OrderLoginPOM.java:67)
	at com.training.pom.OrderLoginPOM.enterOrderDetails(OrderLoginPOM.java:67)
	at com.training.pom.OrderLoginPOM.enterOrderDetails(OrderLoginPOM.java:67)
	at com.training.pom.OrderLoginPOM.enterOrderDetails(OrderLoginPOM.java:67)
	at com.training.pom.OrderLoginPOM.enterOrderDetails(OrderLoginPOM.java:67)
	at com.training.pom.OrderLoginPOM.enterOrderDetails(OrderLoginPOM.java:67)
	at com.training.pom.OrderLoginPOM.enterOrderDetails(OrderLoginPOM.java:67)
	at com.training.pom.OrderLoginPOM.enterOrderDetails(OrderLoginPOM.java:67)
	at com.training.pom.OrderLoginPOM.enterOrderDetails(OrderLoginPOM.java:67)
	at com.training.pom.OrderLoginPOM.enterOrderDetails(OrderLoginPOM.java:67)
	at com.training.pom.OrderLoginPOM.enterOrderDetails(OrderLoginPOM.java:67)
	at com.training.pom.OrderLoginPOM.enterOrderDetails(OrderLoginPOM.java:67)
	at com.training.pom.OrderLoginPOM.enterOrderDetails(OrderLoginPOM.java:67)
	at com.training.pom.OrderLoginPOM.enterOrderDetails(OrderLoginPOM.java:67)
	at com.training.pom.OrderLoginPOM.enterOrderDetails(OrderLoginPOM.java:67)
	at com.training.pom.OrderLoginPOM.enterOrderDetails(OrderLoginPOM.java:67)
	at com.training.pom.OrderLoginPOM.enterOrderDetails(OrderLoginPOM.java:67)
	at com.training.pom.OrderLoginPOM.enterOrderDetails(OrderLoginPOM.java:67)
	at com.training.pom.OrderLoginPOM.enterOrderDetails(OrderLoginPOM.java:67)
	at com.training.pom.OrderLoginPOM.enterOrderDetails(OrderLoginPOM.java:67)
	at com.training.pom.OrderLoginPOM.enterOrderDetails(OrderLoginPOM.java:67)
	at com.training.pom.OrderLoginPOM.enterOrderDetails(OrderLoginPOM.java:67)
	at com.training.pom.OrderLoginPOM.enterOrderDetails(OrderLoginPOM.java:67)
	at com.training.pom.OrderLoginPOM.enterOrderDetails(OrderLoginPOM.java:67)
	at com.training.pom.OrderLoginPOM.enterOrderDetails(OrderLoginPOM.java:67)
	at com.training.pom.OrderLoginPOM.enterOrderDetails(OrderLoginPOM.java:67)
	at com.training.pom.OrderLoginPOM.enterOrderDetails(OrderLoginPOM.java:67)
	at com.training.pom.OrderLoginPOM.enterOrderDetails(OrderLoginPOM.java:67)
	at com.training.pom.OrderLoginPOM.enterOrderDetails(OrderLoginPOM.java:67)
	at com.training.pom.OrderLoginPOM.enterOrderDetails(OrderLoginPOM.java:67)
	at com.training.pom.OrderLoginPOM.enterOrderDetails(OrderLoginPOM.java:67)
	at com.training.pom.OrderLoginPOM.enterOrderDetails(OrderLoginPOM.java:67)
	at com.training.pom.OrderLoginPOM.enterOrderDetails(OrderLoginPOM.java:67)
	at com.training.pom.OrderLoginPOM.enterOrderDetails(OrderLoginPOM.java:67)
	at com.training.pom.OrderLoginPOM.enterOrderDetails(OrderLoginPOM.java:67)
	at com.training.pom.OrderLoginPOM.enterOrderDetails(OrderLoginPOM.java:67)
	at com.training.pom.OrderLoginPOM.enterOrderDetails(OrderLoginPOM.java:67)
	at com.training.pom.OrderLoginPOM.enterOrderDetails(OrderLoginPOM.java:67)
	at com.training.pom.OrderLoginPOM.enterOrderDetails(OrderLoginPOM.java:67)
	at com.training.pom.OrderLoginPOM.enterOrderDetails(OrderLoginPOM.java:67)
	at com.training.pom.OrderLoginPOM.enterOrderDetails(OrderLoginPOM.java:67)
	at com.training.pom.OrderLoginPOM.enterOrderDetails(OrderLoginPOM.java:67)
	at com.training.pom.OrderLoginPOM.enterOrderDetails(OrderLoginPOM.java:67)
	at com.training.pom.OrderLoginPOM.enterOrderDetails(OrderLoginPOM.java:67)
	at com.training.pom.OrderLoginPOM.enterOrderDetails(OrderLoginPOM.java:67)
	at com.training.pom.OrderLoginPOM.enterOrderDetails(OrderLoginPOM.java:67)
	at com.training.pom.OrderLoginPOM.enterOrderDetails(OrderLoginPOM.java:67)
	at com.training.pom.OrderLoginPOM.enterOrderDetails(OrderLoginPOM.java:67)
	at com.training.pom.OrderLoginPOM.enterOrderDetails(OrderLoginPOM.java:67)
	at com.training.pom.OrderLoginPOM.enterOrderDetails(OrderLoginPOM.java:67)
	at com.training.pom.OrderLoginPOM.enterOrderDetails(OrderLoginPOM.java:67)
	at com.training.pom.OrderLoginPOM.enterOrderDetails(OrderLoginPOM.java:67)
	at com.training.pom.OrderLoginPOM.enterOrderDetails(OrderLoginPOM.java:67)
	at com.training.pom.OrderLoginPOM.enterOrderDetails(OrderLoginPOM.java:67)
	at com.training.pom.OrderLoginPOM.enterOrderDetails(OrderLoginPOM.java:67)
	at com.training.pom.OrderLoginPOM.enterOrderDetails(OrderLoginPOM.java:67)
	at com.training.pom.OrderLoginPOM.enterOrderDetails(OrderLoginPOM.java:67)
	at com.training.pom.OrderLoginPOM.enterOrderDetails(OrderLoginPOM.java:67)
	at com.training.pom.OrderLoginPOM.enterOrderDetails(OrderLoginPOM.java:67)
	at com.training.pom.OrderLoginPOM.enterOrderDetails(OrderLoginPOM.java:67)
	at com.training.pom.OrderLoginPOM.enterOrderDetails(OrderLoginPOM.java:67)
	at com.training.pom.OrderLoginPOM.enterOrderDetails(OrderLoginPOM.java:67)
	at com.training.pom.OrderLoginPOM.enterOrderDetails(OrderLoginPOM.java:67)
	at com.training.pom.OrderLoginPOM.enterOrderDetails(OrderLoginPOM.java:67)
	at com.training.pom.OrderLoginPOM.enterOrderDetails(OrderLoginPOM.java:67)
	at com.training.pom.OrderLoginPOM.enterOrderDetails(OrderLoginPOM.java:67)
	at com.training.pom.OrderLoginPOM.enterOrderDetails(OrderLoginPOM.java:67)
	at com.training.pom.OrderLoginPOM.enterOrderDetails(OrderLoginPOM.java:67)
	at com.training.pom.OrderLoginPOM.enterOrderDetails(OrderLoginPOM.java:67)
	at com.training.pom.OrderLoginPOM.enterOrderDetails(OrderLoginPOM.java:67)
	at com.training.pom.OrderLoginPOM.enterOrderDetails(OrderLoginPOM.java:67)
	at com.training.pom.OrderLoginPOM.enterOrderDetails(OrderLoginPOM.java:67)
	at com.training.pom.OrderLoginPOM.enterOrderDetails(OrderLoginPOM.java:67)
	at com.training.pom.OrderLoginPOM.enterOrderDetails(OrderLoginPOM.java:67)
	at com.training.pom.OrderLoginPOM.enterOrderDetails(OrderLoginPOM.java:67)
	at com.training.pom.OrderLoginPOM.enterOrderDetails(OrderLoginPOM.java:67)
	at com.training.pom.OrderLoginPOM.enterOrderDetails(OrderLoginPOM.java:67)
	at com.training.pom.OrderLoginPOM.enterOrderDetails(OrderLoginPOM.java:67)
	at com.training.pom.OrderLoginPOM.enterOrderDetails(OrderLoginPOM.java:67)
	at com.training.pom.OrderLoginPOM.enterOrderDetails(OrderLoginPOM.java:67)
	at com.training.pom.OrderLoginPOM.enterOrderDetails(OrderLoginPOM.java:67)
	at com.training.pom.OrderLoginPOM.enterOrderDetails(OrderLoginPOM.java:67)
	at com.training.pom.OrderLoginPOM.enterOrderDetails(OrderLoginPOM.java:67)
	at com.training.pom.OrderLoginPOM.enterOrderDetails(OrderLoginPOM.java:67)
	at com.training.pom.OrderLoginPOM.enterOrderDetails(OrderLoginPOM.java:67)
	at com.training.pom.OrderLoginPOM.enterOrderDetails(OrderLoginPOM.java:67)
	at com.training.pom.OrderLoginPOM.enterOrderDetails(OrderLoginPOM.java:67)
	at com.training.pom.OrderLoginPOM.enterOrderDetails(OrderLoginPOM.java:67)
	at com.training.pom.OrderLoginPOM.enterOrderDetails(OrderLoginPOM.java:67)
	at com.training.pom.OrderLoginPOM.enterOrderDetails(OrderLoginPOM.java:67)
	at com.training.pom.OrderLoginPOM.enterOrderDetails(OrderLoginPOM.java:67)
	at com.training.pom.OrderLoginPOM.enterOrderDetails(OrderLoginPOM.java:67)
	at com.training.pom.OrderLoginPOM.enterOrderDetails(OrderLoginPOM.java:67)
	at com.training.pom.OrderLoginPOM.enterOrderDetails(OrderLoginPOM.java:67)
	at com.training.pom.OrderLoginPOM.enterOrderDetails(OrderLoginPOM.java:67)
	at com.training.pom.OrderLoginPOM.enterOrderDetails(OrderLoginPOM.java:67)
	at com.training.pom.OrderLoginPOM.enterOrderDetails(OrderLoginPOM.java:67)
	at com.training.pom.OrderLoginPOM.enterOrderDetails(OrderLoginPOM.java:67)
	at com.training.pom.OrderLoginPOM.enterOrderDetails(OrderLoginPOM.java:67)
	at com.training.pom.OrderLoginPOM.enterOrderDetails(OrderLoginPOM.java:67)
	at com.training.pom.OrderLoginPOM.enterOrderDetails(OrderLoginPOM.java:67)
	at com.training.pom.OrderLoginPOM.enterOrderDetails(OrderLoginPOM.java:67)
	at com.training.pom.OrderLoginPOM.enterOrderDetails(OrderLoginPOM.java:67)
	at com.training.pom.OrderLoginPOM.enterOrderDetails(OrderLoginPOM.java:67)
	at com.training.pom.OrderLoginPOM.enterOrderDetails(OrderLoginPOM.java:67)
	at com.training.pom.OrderLoginPOM.enterOrderDetails(OrderLoginPOM.java:67)
	at com.training.pom.OrderLoginPOM.enterOrderDetails(OrderLoginPOM.java:67)
	at com.training.pom.OrderLoginPOM.enterOrderDetails(OrderLoginPOM.java:67)
	at com.training.pom.OrderLoginPOM.enterOrderDetails(OrderLoginPOM.java:67)
	at com.training.pom.OrderLoginPOM.enterOrderDetails(OrderLoginPOM.java:67)
	at com.training.pom.OrderLoginPOM.enterOrderDetails(OrderLoginPOM.java:67)
	at com.training.pom.OrderLoginPOM.enterOrderDetails(OrderLoginPOM.java:67)
	at com.training.pom.OrderLoginPOM.enterOrderDetails(OrderLoginPOM.java:67)
	at com.training.pom.OrderLoginPOM.enterOrderDetails(OrderLoginPOM.java:67)
	at com.training.pom.OrderLoginPOM.enterOrderDetails(OrderLoginPOM.java:67)
	at com.training.pom.OrderLoginPOM.enterOrderDetails(OrderLoginPOM.java:67)
	at com.training.pom.OrderLoginPOM.enterOrderDetails(OrderLoginPOM.java:67)
	at com.training.pom.OrderLoginPOM.enterOrderDetails(OrderLoginPOM.java:67)
	at com.training.pom.OrderLoginPOM.enterOrderDetails(OrderLoginPOM.java:67)
	at com.training.pom.OrderLoginPOM.enterOrderDetails(OrderLoginPOM.java:67)
	at com.training.pom.OrderLoginPOM.enterOrderDetails(OrderLoginPOM.java:67)
	at com.training.pom.OrderLoginPOM.enterOrderDetails(OrderLoginPOM.java:67)
	at com.training.pom.OrderLoginPOM.enterOrderDetails(OrderLoginPOM.java:67)
	at com.training.pom.OrderLoginPOM.enterOrderDetails(OrderLoginPOM.java:67)
	at com.training.pom.OrderLoginPOM.enterOrderDetails(OrderLoginPOM.java:67)
	at com.training.pom.OrderLoginPOM.enterOrderDetails(OrderLoginPOM.java:67)
	at com.training.pom.OrderLoginPOM.enterOrderDetails(OrderLoginPOM.java:67)
	at com.training.pom.OrderLoginPOM.enterOrderDetails(OrderLoginPOM.java:67)
	at com.training.pom.OrderLoginPOM.enterOrderDetails(OrderLoginPOM.java:67)
	at com.training.pom.OrderLoginPOM.enterOrderDetails(OrderLoginPOM.java:67)
	at com.training.pom.OrderLoginPOM.enterOrderDetails(OrderLoginPOM.java:67)
	at com.training.pom.OrderLoginPOM.enterOrderDetails(OrderLoginPOM.java:67)
	at com.training.pom.OrderLoginPOM.enterOrderDetails(OrderLoginPOM.java:67)
	at com.training.pom.OrderLoginPOM.enterOrderDetails(OrderLoginPOM.java:67)
	at com.training.pom.OrderLoginPOM.enterOrderDetails(OrderLoginPOM.java:67)
	at com.training.pom.OrderLoginPOM.enterOrderDetails(OrderLoginPOM.java:67)
	at com.training.pom.OrderLoginPOM.enterOrderDetails(OrderLoginPOM.java:67)
	at com.training.pom.OrderLoginPOM.enterOrderDetails(OrderLoginPOM.java:67)
	at com.training.pom.OrderLoginPOM.enterOrderDetails(OrderLoginPOM.java:67)
	at com.training.pom.OrderLoginPOM.enterOrderDetails(OrderLoginPOM.java:67)
	at com.training.pom.OrderLoginPOM.enterOrderDetails(OrderLoginPOM.java:67)
	at com.training.pom.OrderLoginPOM.enterOrderDetails(OrderLoginPOM.java:67)
	at com.training.pom.OrderLoginPOM.enterOrderDetails(OrderLoginPOM.java:67)
	at com.training.pom.OrderLoginPOM.enterOrderDetails(OrderLoginPOM.java:67)
	at com.training.pom.OrderLoginPOM.enterOrderDetails(OrderLoginPOM.java:67)
	at com.training.pom.OrderLoginPOM.enterOrderDetails(OrderLoginPOM.java:67)
	at com.training.pom.OrderLoginPOM.enterOrderDetails(OrderLoginPOM.java:67)
	at com.training.pom.OrderLoginPOM.enterOrderDetails(OrderLoginPOM.java:67)
	at com.training.pom.OrderLoginPOM.enterOrderDetails(OrderLoginPOM.java:67)
	at com.training.pom.OrderLoginPOM.enterOrderDetails(OrderLoginPOM.java:67)
	at com.training.pom.OrderLoginPOM.enterOrderDetails(OrderLoginPOM.java:67)
	at com.training.pom.OrderLoginPOM.enterOrderDetails(OrderLoginPOM.java:67)
	at com.training.pom.OrderLoginPOM.enterOrderDetails(OrderLoginPOM.java:67)
	at com.training.pom.OrderLoginPOM.enterOrderDetails(OrderLoginPOM.java:67)
	at com.training.pom.OrderLoginPOM.enterOrderDetails(OrderLoginPOM.java:67)
	at com.training.pom.OrderLoginPOM.enterOrderDetails(OrderLoginPOM.java:67)
	at com.training.pom.OrderLoginPOM.enterOrderDetails(OrderLoginPOM.java:67)
	at com.training.pom.OrderLoginPOM.enterOrderDetails(OrderLoginPOM.java:67)
	at com.training.pom.OrderLoginPOM.enterOrderDetails(OrderLoginPOM.java:67)
	at com.training.pom.OrderLoginPOM.enterOrderDetails(OrderLoginPOM.java:67)
	at com.training.pom.OrderLoginPOM.enterOrderDetails(OrderLoginPOM.java:67)
	at com.training.pom.OrderLoginPOM.enterOrderDetails(OrderLoginPOM.java:67)
	at com.training.pom.OrderLoginPOM.enterOrderDetails(OrderLoginPOM.java:67)
	at com.training.pom.OrderLoginPOM.enterOrderDetails(OrderLoginPOM.java:67)
	at com.training.pom.OrderLoginPOM.enterOrderDetails(OrderLoginPOM.java:67)
	at com.training.pom.OrderLoginPOM.enterOrderDetails(OrderLoginPOM.java:67)
	at com.training.pom.OrderLoginPOM.enterOrderDetails(OrderLoginPOM.java:67)
	at com.training.pom.OrderLoginPOM.enterOrderDetails(OrderLoginPOM.java:67)
	at com.training.pom.OrderLoginPOM.enterOrderDetails(OrderLoginPOM.java:67)
	at com.training.pom.OrderLoginPOM.enterOrderDetails(OrderLoginPOM.java:67)
	at com.training.pom.OrderLoginPOM.enterOrderDetails(OrderLoginPOM.java:67)
	at com.training.pom.OrderLoginPOM.enterOrderDetails(OrderLoginPOM.java:67)
	at com.training.pom.OrderLoginPOM.enterOrderDetails(OrderLoginPOM.java:67)
	at com.training.pom.OrderLoginPOM.enterOrderDetails(OrderLoginPOM.java:67)
	at com.training.pom.OrderLoginPOM.enterOrderDetails(OrderLoginPOM.java:67)
	at com.training.pom.OrderLoginPOM.enterOrderDetails(OrderLoginPOM.java:67)
	at com.training.pom.OrderLoginPOM.enterOrderDetails(OrderLoginPOM.java:67)
	at com.training.pom.OrderLoginPOM.enterOrderDetails(OrderLoginPOM.java:67)
	at com.training.pom.OrderLoginPOM.enterOrderDetails(OrderLoginPOM.java:67)
	at com.training.pom.OrderLoginPOM.enterOrderDetails(OrderLoginPOM.java:67)
	at com.training.pom.OrderLoginPOM.enterOrderDetails(OrderLoginPOM.java:67)
	at com.training.pom.OrderLoginPOM.enterOrderDetails(OrderLoginPOM.java:67)
	at com.training.pom.OrderLoginPOM.enterOrderDetails(OrderLoginPOM.java:67)
	at com.training.pom.OrderLoginPOM.enterOrderDetails(OrderLoginPOM.java:67)
	at com.training.pom.OrderLoginPOM.enterOrderDetails(OrderLoginPOM.java:67)
	at com.training.pom.OrderLoginPOM.enterOrderDetails(OrderLoginPOM.java:67)
	at com.training.pom.OrderLoginPOM.enterOrderDetails(OrderLoginPOM.java:67)
	at com.training.pom.OrderLoginPOM.enterOrderDetails(OrderLoginPOM.java:67)
	at com.training.pom.OrderLoginPOM.enterOrderDetails(OrderLoginPOM.java:67)
	at com.training.pom.OrderLoginPOM.enterOrderDetails(OrderLoginPOM.java:67)
	at com.training.pom.OrderLoginPOM.enterOrderDetails(OrderLoginPOM.java:67)
	at com.training.pom.OrderLoginPOM.enterOrderDetails(OrderLoginPOM.java:67)
	at com.training.pom.OrderLoginPOM.enterOrderDetails(OrderLoginPOM.java:67)
	at com.training.pom.OrderLoginPOM.enterOrderDetails(OrderLoginPOM.java:67)
	at com.training.pom.OrderLoginPOM.enterOrderDetails(OrderLoginPOM.java:67)
	at com.training.pom.OrderLoginPOM.enterOrderDetails(OrderLoginPOM.java:67)
	at com.training.pom.OrderLoginPOM.enterOrderDetails(OrderLoginPOM.java:67)
	at com.training.pom.OrderLoginPOM.enterOrderDetails(OrderLoginPOM.java:67)
	at com.training.pom.OrderLoginPOM.enterOrderDetails(OrderLoginPOM.java:67)
	at com.training.pom.OrderLoginPOM.enterOrderDetails(OrderLoginPOM.java:67)
	at com.training.pom.OrderLoginPOM.enterOrderDetails(OrderLoginPOM.java:67)
	at com.training.pom.OrderLoginPOM.enterOrderDetails(OrderLoginPOM.java:67)
	at com.training.pom.OrderLoginPOM.enterOrderDetails(OrderLoginPOM.java:67)
	at com.training.pom.OrderLoginPOM.enterOrderDetails(OrderLoginPOM.java:67)
	at com.training.pom.OrderLoginPOM.enterOrderDetails(OrderLoginPOM.java:67)
	at com.training.pom.OrderLoginPOM.enterOrderDetails(OrderLoginPOM.java:67)
	at com.training.pom.OrderLoginPOM.enterOrderDetails(OrderLoginPOM.java:67)
	at com.training.pom.OrderLoginPOM.enterOrderDetails(OrderLoginPOM.java:67)
	at com.training.pom.OrderLoginPOM.enterOrderDetails(OrderLoginPOM.java:67)
	at com.training.pom.OrderLoginPOM.enterOrderDetails(OrderLoginPOM.java:67)
	at com.training.pom.OrderLoginPOM.enterOrderDetails(OrderLoginPOM.java:67)
	at com.training.pom.OrderLoginPOM.enterOrderDetails(OrderLoginPOM.java:67)
	at com.training.pom.OrderLoginPOM.enterOrderDetails(OrderLoginPOM.java:67)
	at com.training.pom.OrderLoginPOM.enterOrderDetails(OrderLoginPOM.java:67)
	at com.training.pom.OrderLoginPOM.enterOrderDetails(OrderLoginPOM.java:67)
	at com.training.pom.OrderLoginPOM.enterOrderDetails(OrderLoginPOM.java:67)
	at com.training.pom.OrderLoginPOM.enterOrderDetails(OrderLoginPOM.java:67)
	at com.training.pom.OrderLoginPOM.enterOrderDetails(OrderLoginPOM.java:67)
	at com.training.pom.OrderLoginPOM.enterOrderDetails(OrderLoginPOM.java:67)
	at com.training.pom.OrderLoginPOM.enterOrderDetails(OrderLoginPOM.java:67)
	at com.training.pom.OrderLoginPOM.enterOrderDetails(OrderLoginPOM.java:67)
	at com.training.pom.OrderLoginPOM.enterOrderDetails(OrderLoginPOM.java:67)
	at com.training.pom.OrderLoginPOM.enterOrderDetails(OrderLoginPOM.java:67)
	at com.training.pom.OrderLoginPOM.enterOrderDetails(OrderLoginPOM.java:67)
	at com.training.pom.OrderLoginPOM.enterOrderDetails(OrderLoginPOM.java:67)
	at com.training.pom.OrderLoginPOM.enterOrderDetails(OrderLoginPOM.java:67)
	at com.training.pom.OrderLoginPOM.enterOrderDetails(OrderLoginPOM.java:67)
	at com.training.pom.OrderLoginPOM.enterOrderDetails(OrderLoginPOM.java:67)
	at com.training.pom.OrderLoginPOM.enterOrderDetails(OrderLoginPOM.java:67)
	at com.training.pom.OrderLoginPOM.enterOrderDetails(OrderLoginPOM.java:67)
	at com.training.pom.OrderLoginPOM.enterOrderDetails(OrderLoginPOM.java:67)
	at com.training.pom.OrderLoginPOM.enterOrderDetails(OrderLoginPOM.java:67)
	at com.training.pom.OrderLoginPOM.enterOrderDetails(OrderLoginPOM.java:67)
	at com.training.pom.OrderLoginPOM.enterOrderDetails(OrderLoginPOM.java:67)
	at com.training.pom.OrderLoginPOM.enterOrderDetails(OrderLoginPOM.java:67)
	at com.training.pom.OrderLoginPOM.enterOrderDetails(OrderLoginPOM.java:67)
	at com.training.pom.OrderLoginPOM.enterOrderDetails(OrderLoginPOM.java:67)
	at com.training.pom.OrderLoginPOM.enterOrderDetails(OrderLoginPOM.java:67)
	at com.training.pom.OrderLoginPOM.enterOrderDetails(OrderLoginPOM.java:67)
	at com.training.pom.OrderLoginPOM.enterOrderDetails(OrderLoginPOM.java:67)
	at com.training.pom.OrderLoginPOM.enterOrderDetails(OrderLoginPOM.java:67)
	at com.training.pom.OrderLoginPOM.enterOrderDetails(OrderLoginPOM.java:67)
	at com.training.pom.OrderLoginPOM.enterOrderDetails(OrderLoginPOM.java:67)
	at com.training.pom.OrderLoginPOM.enterOrderDetails(OrderLoginPOM.java:67)
	at com.training.pom.OrderLoginPOM.enterOrderDetails(OrderLoginPOM.java:67)
	at com.training.pom.OrderLoginPOM.enterOrderDetails(OrderLoginPOM.java:67)
	at com.training.pom.OrderLoginPOM.enterOrderDetails(OrderLoginPOM.java:67)
	at com.training.pom.OrderLoginPOM.enterOrderDetails(OrderLoginPOM.java:67)
	at com.training.pom.OrderLoginPOM.enterOrderDetails(OrderLoginPOM.java:67)
	at com.training.pom.OrderLoginPOM.enterOrderDetails(OrderLoginPOM.java:67)
	at com.training.pom.OrderLoginPOM.enterOrderDetails(OrderLoginPOM.java:67)
	at com.training.pom.OrderLoginPOM.enterOrderDetails(OrderLoginPOM.java:67)
	at com.training.pom.OrderLoginPOM.enterOrderDetails(OrderLoginPOM.java:67)
	at com.training.pom.OrderLoginPOM.enterOrderDetails(OrderLoginPOM.java:67)
	at com.training.pom.OrderLoginPOM.enterOrderDetails(OrderLoginPOM.java:67)
	at com.training.pom.OrderLoginPOM.enterOrderDetails(OrderLoginPOM.java:67)
	at com.training.pom.OrderLoginPOM.enterOrderDetails(OrderLoginPOM.java:67)
	at com.training.pom.OrderLoginPOM.enterOrderDetails(OrderLoginPOM.java:67)
	at com.training.pom.OrderLoginPOM.enterOrderDetails(OrderLoginPOM.java:67)
	at com.training.pom.OrderLoginPOM.enterOrderDetails(OrderLoginPOM.java:67)
	at com.training.pom.OrderLoginPOM.enterOrderDetails(OrderLoginPOM.java:67)
	at com.training.pom.OrderLoginPOM.enterOrderDetails(OrderLoginPOM.java:67)
	at com.training.pom.OrderLoginPOM.enterOrderDetails(OrderLoginPOM.java:67)
	at com.training.pom.OrderLoginPOM.enterOrderDetails(OrderLoginPOM.java:67)
	at com.training.pom.OrderLoginPOM.enterOrderDetails(OrderLoginPOM.java:67)
	at com.training.pom.OrderLoginPOM.enterOrderDetails(OrderLoginPOM.java:67)
	at com.training.pom.OrderLoginPOM.enterOrderDetails(OrderLoginPOM.java:67)
	at com.training.pom.OrderLoginPOM.enterOrderDetails(OrderLoginPOM.java:67)
	at com.training.pom.OrderLoginPOM.enterOrderDetails(OrderLoginPOM.java:67)
	at com.training.pom.OrderLoginPOM.enterOrderDetails(OrderLoginPOM.java:67)
	at com.training.pom.OrderLoginPOM.enterOrderDetails(OrderLoginPOM.java:67)
	at com.training.pom.OrderLoginPOM.enterOrderDetails(OrderLoginPOM.java:67)
	at com.training.pom.OrderLoginPOM.enterOrderDetails(OrderLoginPOM.java:67)
	at com.training.pom.OrderLoginPOM.enterOrderDetails(OrderLoginPOM.java:67)
	at com.training.pom.OrderLoginPOM.enterOrderDetails(OrderLoginPOM.java:67)
	at com.training.pom.OrderLoginPOM.enterOrderDetails(OrderLoginPOM.java:67)
	at com.training.pom.OrderLoginPOM.enterOrderDetails(OrderLoginPOM.java:67)
	at com.training.pom.OrderLoginPOM.enterOrderDetails(OrderLoginPOM.java:67)
	at com.training.pom.OrderLoginPOM.enterOrderDetails(OrderLoginPOM.java:67)
	at com.training.pom.OrderLoginPOM.enterOrderDetails(OrderLoginPOM.java:67)
	at com.training.pom.OrderLoginPOM.enterOrderDetails(OrderLoginPOM.java:67)
	at com.training.pom.OrderLoginPOM.enterOrderDetails(OrderLoginPOM.java:67)
	at com.training.pom.OrderLoginPOM.enterOrderDetails(OrderLoginPOM.java:67)
	at com.training.pom.OrderLoginPOM.enterOrderDetails(OrderLoginPOM.java:67)
	at com.training.pom.OrderLoginPOM.enterOrderDetails(OrderLoginPOM.java:67)
	at com.training.pom.OrderLoginPOM.enterOrderDetails(OrderLoginPOM.java:67)
	at com.training.pom.OrderLoginPOM.enterOrderDetails(OrderLoginPOM.java:67)
	at com.training.pom.OrderLoginPOM.enterOrderDetails(OrderLoginPOM.java:67)
	at com.training.pom.OrderLoginPOM.enterOrderDetails(OrderLoginPOM.java:67)
	at com.training.pom.OrderLoginPOM.enterOrderDetails(OrderLoginPOM.java:67)
	at com.training.pom.OrderLoginPOM.enterOrderDetails(OrderLoginPOM.java:67)
	at com.training.pom.OrderLoginPOM.enterOrderDetails(OrderLoginPOM.java:67)
	at com.training.pom.OrderLoginPOM.enterOrderDetails(OrderLoginPOM.java:67)
	at com.training.pom.OrderLoginPOM.enterOrderDetails(OrderLoginPOM.java:67)
	at com.training.pom.OrderLoginPOM.enterOrderDetails(OrderLoginPOM.java:67)
	at com.training.pom.OrderLoginPOM.enterOrderDetails(OrderLoginPOM.java:67)
	at com.training.pom.OrderLoginPOM.enterOrderDetails(OrderLoginPOM.java:67)
	at com.training.pom.OrderLoginPOM.enterOrderDetails(OrderLoginPOM.java:67)
	at com.training.pom.OrderLoginPOM.enterOrderDetails(OrderLoginPOM.java:67)
	at com.training.pom.OrderLoginPOM.enterOrderDetails(OrderLoginPOM.java:67)
	at com.training.pom.OrderLoginPOM.enterOrderDetails(OrderLoginPOM.java:67)
	at com.training.pom.OrderLoginPOM.enterOrderDetails(OrderLoginPOM.java:67)
	at com.training.pom.OrderLoginPOM.enterOrderDetails(OrderLoginPOM.java:67)
	at com.training.pom.OrderLoginPOM.enterOrderDetails(OrderLoginPOM.java:67)
	at com.training.pom.OrderLoginPOM.enterOrderDetails(OrderLoginPOM.java:67)
	at com.training.pom.OrderLoginPOM.enterOrderDetails(OrderLoginPOM.java:67)
	at com.training.pom.OrderLoginPOM.enterOrderDetails(OrderLoginPOM.java:67)
	at com.training.pom.OrderLoginPOM.enterOrderDetails(OrderLoginPOM.java:67)
	at com.training.pom.OrderLoginPOM.enterOrderDetails(OrderLoginPOM.java:67)
	at com.training.pom.OrderLoginPOM.enterOrderDetails(OrderLoginPOM.java:67)
	at com.training.pom.OrderLoginPOM.enterOrderDetails(OrderLoginPOM.java:67)
	at com.training.pom.OrderLoginPOM.enterOrderDetails(OrderLoginPOM.java:67)
	at com.training.pom.OrderLoginPOM.enterOrderDetails(OrderLoginPOM.java:67)
	at com.training.pom.OrderLoginPOM.enterOrderDetails(OrderLoginPOM.java:67)
	at com.training.pom.OrderLoginPOM.enterOrderDetails(OrderLoginPOM.java:67)
	at com.training.pom.OrderLoginPOM.enterOrderDetails(OrderLoginPOM.java:67)
	at com.training.pom.OrderLoginPOM.enterOrderDetails(OrderLoginPOM.java:67)
	at com.training.pom.OrderLoginPOM.enterOrderDetails(OrderLoginPOM.java:67)
	at com.training.pom.OrderLoginPOM.enterOrderDetails(OrderLoginPOM.java:67)
	at com.training.pom.OrderLoginPOM.enterOrderDetails(OrderLoginPOM.java:67)
	at com.training.pom.OrderLoginPOM.enterOrderDetails(OrderLoginPOM.java:67)
	at com.training.pom.OrderLoginPOM.enterOrderDetails(OrderLoginPOM.java:67)
	at com.training.pom.OrderLoginPOM.enterOrderDetails(OrderLoginPOM.java:67)
	at com.training.pom.OrderLoginPOM.enterOrderDetails(OrderLoginPOM.java:67)
	at com.training.pom.OrderLoginPOM.enterOrderDetails(OrderLoginPOM.java:67)
	at com.training.pom.OrderLoginPOM.enterOrderDetails(OrderLoginPOM.java:67)
	at com.training.pom.OrderLoginPOM.enterOrderDetails(OrderLoginPOM.java:67)
	at com.training.pom.OrderLoginPOM.enterOrderDetails(OrderLoginPOM.java:67)
	at com.training.pom.OrderLoginPOM.enterOrderDetails(OrderLoginPOM.java:67)
	at com.training.pom.OrderLoginPOM.enterOrderDetails(OrderLoginPOM.java:67)
	at com.training.pom.OrderLoginPOM.enterOrderDetails(OrderLoginPOM.java:67)
	at com.training.pom.OrderLoginPOM.enterOrderDetails(OrderLoginPOM.java:67)
	at com.training.pom.OrderLoginPOM.enterOrderDetails(OrderLoginPOM.java:67)
	at com.training.pom.OrderLoginPOM.enterOrderDetails(OrderLoginPOM.java:67)
	at com.training.pom.OrderLoginPOM.enterOrderDetails(OrderLoginPOM.java:67)
	at com.training.pom.OrderLoginPOM.enterOrderDetails(OrderLoginPOM.java:67)
	at com.training.pom.OrderLoginPOM.enterOrderDetails(OrderLoginPOM.java:67)
	at com.training.pom.OrderLoginPOM.enterOrderDetails(OrderLoginPOM.java:67)
	at com.training.pom.OrderLoginPOM.enterOrderDetails(OrderLoginPOM.java:67)
	at com.training.pom.OrderLoginPOM.enterOrderDetails(OrderLoginPOM.java:67)
	at com.training.pom.OrderLoginPOM.enterOrderDetails(OrderLoginPOM.java:67)
	at com.training.pom.OrderLoginPOM.enterOrderDetails(OrderLoginPOM.java:67)
	at com.training.pom.OrderLoginPOM.enterOrderDetails(OrderLoginPOM.java:67)
	at com.training.pom.OrderLoginPOM.enterOrderDetails(OrderLoginPOM.java:67)
	at com.training.pom.OrderLoginPOM.enterOrderDetails(OrderLoginPOM.java:67)
	at com.training.pom.OrderLoginPOM.enterOrderDetails(OrderLoginPOM.java:67)
	at com.training.pom.OrderLoginPOM.enterOrderDetails(OrderLoginPOM.java:67)
	at com.training.pom.OrderLoginPOM.enterOrderDetails(OrderLoginPOM.java:67)
	at com.training.pom.OrderLoginPOM.enterOrderDetails(OrderLoginPOM.java:67)
	at com.training.pom.OrderLoginPOM.enterOrderDetails(OrderLoginPOM.java:67)
	at com.training.pom.OrderLoginPOM.enterOrderDetails(OrderLoginPOM.java:67)
	at com.training.pom.OrderLoginPOM.enterOrderDetails(OrderLoginPOM.java:67)
	at com.training.pom.OrderLoginPOM.enterOrderDetails(OrderLoginPOM.java:67)
	at com.training.pom.OrderLoginPOM.enterOrderDetails(OrderLoginPOM.java:67)
	at com.training.pom.OrderLoginPOM.enterOrderDetails(OrderLoginPOM.java:67)
	at com.training.pom.OrderLoginPOM.enterOrderDetails(OrderLoginPOM.java:67)
	at com.training.pom.OrderLoginPOM.enterOrderDetails(OrderLoginPOM.java:67)
	at com.training.pom.OrderLoginPOM.enterOrderDetails(OrderLoginPOM.java:67)
	at com.training.pom.OrderLoginPOM.enterOrderDetails(OrderLoginPOM.java:67)
	at com.training.pom.OrderLoginPOM.enterOrderDetails(OrderLoginPOM.java:67)
	at com.training.pom.OrderLoginPOM.enterOrderDetails(OrderLoginPOM.java:67)
	at com.training.pom.OrderLoginPOM.enterOrderDetails(OrderLoginPOM.java:67)
	at com.training.pom.OrderLoginPOM.enterOrderDetails(OrderLoginPOM.java:67)
	at com.training.pom.OrderLoginPOM.enterOrderDetails(OrderLoginPOM.java:67)
	at com.training.pom.OrderLoginPOM.enterOrderDetails(OrderLoginPOM.java:67)
	at com.training.pom.OrderLoginPOM.enterOrderDetails(OrderLoginPOM.java:67)
	at com.training.pom.OrderLoginPOM.enterOrderDetails(OrderLoginPOM.java:67)
	at com.training.pom.OrderLoginPOM.enterOrderDetails(OrderLoginPOM.java:67)
	at com.training.pom.OrderLoginPOM.enterOrderDetails(OrderLoginPOM.java:67)
	at com.training.pom.OrderLoginPOM.enterOrderDetails(OrderLoginPOM.java:67)
	at com.training.pom.OrderLoginPOM.enterOrderDetails(OrderLoginPOM.java:67)
	at com.training.pom.OrderLoginPOM.enterOrderDetails(OrderLoginPOM.java:67)
	at com.training.pom.OrderLoginPOM.enterOrderDetails(OrderLoginPOM.java:67)
	at com.training.pom.OrderLoginPOM.enterOrderDetails(OrderLoginPOM.java:67)
	at com.training.pom.OrderLoginPOM.enterOrderDetails(OrderLoginPOM.java:67)
	at com.training.pom.OrderLoginPOM.enterOrderDetails(OrderLoginPOM.java:67)
	at com.training.pom.OrderLoginPOM.enterOrderDetails(OrderLoginPOM.java:67)
	at com.training.pom.OrderLoginPOM.enterOrderDetails(OrderLoginPOM.java:67)
	at com.training.pom.OrderLoginPOM.enterOrderDetails(OrderLoginPOM.java:67)
	at com.training.pom.OrderLoginPOM.enterOrderDetails(OrderLoginPOM.java:67)
	at com.training.pom.OrderLoginPOM.enterOrderDetails(OrderLoginPOM.java:67)
	at com.training.pom.OrderLoginPOM.enterOrderDetails(OrderLoginPOM.java:67)
	at com.training.pom.OrderLoginPOM.enterOrderDetails(OrderLoginPOM.java:67)
	at com.training.pom.OrderLoginPOM.enterOrderDetails(OrderLoginPOM.java:67)
	at com.training.pom.OrderLoginPOM.enterOrderDetails(OrderLoginPOM.java:67)
	at com.training.pom.OrderLoginPOM.enterOrderDetails(OrderLoginPOM.java:67)
	at com.training.pom.OrderLoginPOM.enterOrderDetails(OrderLoginPOM.java:67)
	at com.training.pom.OrderLoginPOM.enterOrderDetails(OrderLoginPOM.java:67)
	at com.training.pom.OrderLoginPOM.enterOrderDetails(OrderLoginPOM.java:67)
	at com.training.pom.OrderLoginPOM.enterOrderDetails(OrderLoginPOM.java:67)
	at com.training.pom.OrderLoginPOM.enterOrderDetails(OrderLoginPOM.java:67)
	at com.training.pom.OrderLoginPOM.enterOrderDetails(OrderLoginPOM.java:67)
	at com.training.pom.OrderLoginPOM.enterOrderDetails(OrderLoginPOM.java:67)
	at com.training.pom.OrderLoginPOM.enterOrderDetails(OrderLoginPOM.java:67)
	at com.training.pom.OrderLoginPOM.enterOrderDetails(OrderLoginPOM.java:67)
	at com.training.pom.OrderLoginPOM.enterOrderDetails(OrderLoginPOM.java:67)
	at com.training.pom.OrderLoginPOM.enterOrderDetails(OrderLoginPOM.java:67)
	at com.training.pom.OrderLoginPOM.enterOrderDetails(OrderLoginPOM.java:67)
	at com.training.pom.OrderLoginPOM.enterOrderDetails(OrderLoginPOM.java:67)
	at com.training.pom.OrderLoginPOM.enterOrderDetails(OrderLoginPOM.java:67)
	at com.training.pom.OrderLoginPOM.enterOrderDetails(OrderLoginPOM.java:67)
	at com.training.pom.OrderLoginPOM.enterOrderDetails(OrderLoginPOM.java:67)
	at com.training.pom.OrderLoginPOM.enterOrderDetails(OrderLoginPOM.java:67)
	at com.training.pom.OrderLoginPOM.enterOrderDetails(OrderLoginPOM.java:67)
	at com.training.pom.OrderLoginPOM.enterOrderDetails(OrderLoginPOM.java:67)
	at com.training.pom.OrderLoginPOM.enterOrderDetails(OrderLoginPOM.java:67)
	at com.training.pom.OrderLoginPOM.enterOrderDetails(OrderLoginPOM.java:67)
	at com.training.pom.OrderLoginPOM.enterOrderDetails(OrderLoginPOM.java:67)
	at com.training.pom.OrderLoginPOM.enterOrderDetails(OrderLoginPOM.java:67)
	at com.training.pom.OrderLoginPOM.enterOrderDetails(OrderLoginPOM.java:67)
	at com.training.pom.OrderLoginPOM.enterOrderDetails(OrderLoginPOM.java:67)
	at com.training.pom.OrderLoginPOM.enterOrderDetails(OrderLoginPOM.java:67)
	at com.training.pom.OrderLoginPOM.enterOrderDetails(OrderLoginPOM.java:67)
	at com.training.pom.OrderLoginPOM.enterOrderDetails(OrderLoginPOM.java:67)
	at com.training.pom.OrderLoginPOM.enterOrderDetails(OrderLoginPOM.java:67)
	at com.training.pom.OrderLoginPOM.enterOrderDetails(OrderLoginPOM.java:67)
	at com.training.pom.OrderLoginPOM.enterOrderDetails(OrderLoginPOM.java:67)
	at com.training.pom.OrderLoginPOM.enterOrderDetails(OrderLoginPOM.java:67)
	at com.training.pom.OrderLoginPOM.enterOrderDetails(OrderLoginPOM.java:67)
	at com.training.pom.OrderLoginPOM.enterOrderDetails(OrderLoginPOM.java:67)
	at com.training.pom.OrderLoginPOM.enterOrderDetails(OrderLoginPOM.java:67)
	at com.training.pom.OrderLoginPOM.enterOrderDetails(OrderLoginPOM.java:67)
	at com.training.pom.OrderLoginPOM.enterOrderDetails(OrderLoginPOM.java:67)
	at com.training.pom.OrderLoginPOM.enterOrderDetails(OrderLoginPOM.java:67)
	at com.training.pom.OrderLoginPOM.enterOrderDetails(OrderLoginPOM.java:67)
	at com.training.pom.OrderLoginPOM.enterOrderDetails(OrderLoginPOM.java:67)
	at com.training.pom.OrderLoginPOM.enterOrderDetails(OrderLoginPOM.java:67)
	at com.training.pom.OrderLoginPOM.enterOrderDetails(OrderLoginPOM.java:67)
	at com.training.pom.OrderLoginPOM.enterOrderDetails(OrderLoginPOM.java:67)
	at com.training.pom.OrderLoginPOM.enterOrderDetails(OrderLoginPOM.java:67)
	at com.training.pom.OrderLoginPOM.enterOrderDetails(OrderLoginPOM.java:67)
	at com.training.pom.OrderLoginPOM.enterOrderDetails(OrderLoginPOM.java:67)
	at com.training.pom.OrderLoginPOM.enterOrderDetails(OrderLoginPOM.java:67)
	at com.training.pom.OrderLoginPOM.enterOrderDetails(OrderLoginPOM.java:67)
	at com.training.pom.OrderLoginPOM.enterOrderDetails(OrderLoginPOM.java:67)
	at com.training.pom.OrderLoginPOM.enterOrderDetails(OrderLoginPOM.java:67)
	at com.training.pom.OrderLoginPOM.enterOrderDetails(OrderLoginPOM.java:67)
	at com.training.pom.OrderLoginPOM.enterOrderDetails(OrderLoginPOM.java:67)
	at com.training.pom.OrderLoginPOM.enterOrderDetails(OrderLoginPOM.java:67)
	at com.training.pom.OrderLoginPOM.enterOrderDetails(OrderLoginPOM.java:67)
	at com.training.pom.OrderLoginPOM.enterOrderDetails(OrderLoginPOM.java:67)
	at com.training.pom.OrderLoginPOM.enterOrderDetails(OrderLoginPOM.java:67)
	at com.training.pom.OrderLoginPOM.enterOrderDetails(OrderLoginPOM.java:67)
	at com.training.pom.OrderLoginPOM.enterOrderDetails(OrderLoginPOM.java:67)
	at com.training.pom.OrderLoginPOM.enterOrderDetails(OrderLoginPOM.java:67)
	at com.training.pom.OrderLoginPOM.enterOrderDetails(OrderLoginPOM.java:67)
	at com.training.pom.OrderLoginPOM.enterOrderDetails(OrderLoginPOM.java:67)
	at com.training.pom.OrderLoginPOM.enterOrderDetails(OrderLoginPOM.java:67)
	at com.training.pom.OrderLoginPOM.enterOrderDetails(OrderLoginPOM.java:67)
	at com.training.pom.OrderLoginPOM.enterOrderDetails(OrderLoginPOM.java:67)
	at com.training.pom.OrderLoginPOM.enterOrderDetails(OrderLoginPOM.java:67)
	at com.training.pom.OrderLoginPOM.enterOrderDetails(OrderLoginPOM.java:67)
	at com.training.pom.OrderLoginPOM.enterOrderDetails(OrderLoginPOM.java:67)
	at com.training.pom.OrderLoginPOM.enterOrderDetails(OrderLoginPOM.java:67)
	at com.training.pom.OrderLoginPOM.enterOrderDetails(OrderLoginPOM.java:67)
	at com.training.pom.OrderLoginPOM.enterOrderDetails(OrderLoginPOM.java:67)
	at com.training.pom.OrderLoginPOM.enterOrderDetails(OrderLoginPOM.java:67)
	at com.training.pom.OrderLoginPOM.enterOrderDetails(OrderLoginPOM.java:67)
	at com.training.pom.OrderLoginPOM.enterOrderDetails(OrderLoginPOM.java:67)
	at com.training.pom.OrderLoginPOM.enterOrderDetails(OrderLoginPOM.java:67)
	at com.training.pom.OrderLoginPOM.enterOrderDetails(OrderLoginPOM.java:67)
	at com.training.pom.OrderLoginPOM.enterOrderDetails(OrderLoginPOM.java:67)
	at com.training.pom.OrderLoginPOM.enterOrderDetails(OrderLoginPOM.java:67)
	at com.training.pom.OrderLoginPOM.enterOrderDetails(OrderLoginPOM.java:67)
	at com.training.pom.OrderLoginPOM.enterOrderDetails(OrderLoginPOM.java:67)
	at com.training.pom.OrderLoginPOM.enterOrderDetails(OrderLoginPOM.java:67)
	at com.training.pom.OrderLoginPOM.enterOrderDetails(OrderLoginPOM.java:67)
	at com.training.pom.OrderLoginPOM.enterOrderDetails(OrderLoginPOM.java:67)
	at com.training.pom.OrderLoginPOM.enterOrderDetails(OrderLoginPOM.java:67)
	at com.training.pom.OrderLoginPOM.enterOrderDetails(OrderLoginPOM.java:67)
	at com.training.pom.OrderLoginPOM.enterOrderDetails(OrderLoginPOM.java:67)
	at com.training.pom.OrderLoginPOM.enterOrderDetails(OrderLoginPOM.java:67)
	at com.training.pom.OrderLoginPOM.enterOrderDetails(OrderLoginPOM.java:67)
	at com.training.pom.OrderLoginPOM.enterOrderDetails(OrderLoginPOM.java:67)
	at com.training.pom.OrderLoginPOM.enterOrderDetails(OrderLoginPOM.java:67)
	at com.training.pom.OrderLoginPOM.enterOrderDetails(OrderLoginPOM.java:67)
	at com.training.pom.OrderLoginPOM.enterOrderDetails(OrderLoginPOM.java:67)
	at com.training.pom.OrderLoginPOM.enterOrderDetails(OrderLoginPOM.java:67)
	at com.training.pom.OrderLoginPOM.enterOrderDetails(OrderLoginPOM.java:67)
	at com.training.pom.OrderLoginPOM.enterOrderDetails(OrderLoginPOM.java:67)
	at com.training.pom.OrderLoginPOM.enterOrderDetails(OrderLoginPOM.java:67)
	at com.training.pom.OrderLoginPOM.enterOrderDetails(OrderLoginPOM.java:67)
	at com.training.pom.OrderLoginPOM.enterOrderDetails(OrderLoginPOM.java:67)
	at com.training.pom.OrderLoginPOM.enterOrderDetails(OrderLoginPOM.java:67)
]]>
    </error>
  </testcase> <!-- validLoginTest -->
</testsuite> <!-- com.training.sanity.tests.OrderTests -->
