<?xml version="1.0" encoding="UTF-8"?>
<!-- Generated by org.testng.reporters.JUnitReportReporter -->
<testsuite skipped="0" hostname="DESKTOP-Q3TS3TV" name="com.training.sanity.tests.RetailRegisterTest" tests="3" failures="0" timestamp="09 May 2020 13:51:36 GMT" time="191.376" errors="0">
  <testcase name="registerDetails" time="99.568" classname="com.training.sanity.tests.RetailRegisterTest"/>
  <testcase name="loginWithValidId" time="42.280" classname="com.training.sanity.tests.RetailRegisterTest"/>
  <testcase name="recoverLogin" time="49.528" classname="com.training.sanity.tests.RetailRegisterTest"/>
</testsuite> <!-- com.training.sanity.tests.RetailRegisterTest -->
