<?xml version="1.0" encoding="UTF-8"?>
<!-- Generated by org.testng.reporters.JUnitReportReporter -->
<testsuite skipped="0" hostname="DESKTOP-Q3TS3TV" name="com.training.sanity.tests.RegisterTest" tests="1" failures="0" timestamp="05 May 2020 17:28:23 GMT" time="65.544" errors="0">
  <testcase name="registerButton" time="65.544" classname="com.training.sanity.tests.RegisterTest"/>
</testsuite> <!-- com.training.sanity.tests.RegisterTest -->
