<?xml version="1.0" encoding="UTF-8"?>
<!-- Generated by org.testng.reporters.JUnitReportReporter -->
<testsuite skipped="1" hostname="DESKTOP-Q3TS3TV" name="com.training.regression.tests.LoginExcelTest" tests="5" failures="0" timestamp="21 May 2020 03:29:57 GMT" time="180.385" errors="0">
  <testcase name="loginExcelTest1" time="43.430" classname="com.training.regression.tests.LoginExcelTest"/>
  <testcase name="loginExcelTest1" time="37.872" classname="com.training.regression.tests.LoginExcelTest"/>
  <testcase name="loginExcelTest1" time="41.429" classname="com.training.regression.tests.LoginExcelTest"/>
  <testcase name="loginExcelTest1" time="57.654" classname="com.training.regression.tests.LoginExcelTest"/>
  <testcase name="loginExcelTest" classname="com.training.regression.tests.LoginExcelTest">
    <skipped/>
  </testcase> <!-- loginExcelTest -->
</testsuite> <!-- com.training.regression.tests.LoginExcelTest -->
