<?xml version="1.0" encoding="UTF-8"?>
<!-- Generated by org.testng.reporters.JUnitReportReporter -->
<testsuite skipped="3" hostname="DESKTOP-Q3TS3TV" name="com.training.sanity.tests.RetailRegisterTest" tests="4" failures="0" timestamp="13 May 2020 05:52:32 GMT" time="84.912" errors="0">
  <testcase name="placeAnOrder" time="84.912" classname="com.training.sanity.tests.RetailRegisterTest"/>
  <testcase name="registerDetails" classname="com.training.sanity.tests.RetailRegisterTest">
    <skipped/>
  </testcase> <!-- registerDetails -->
  <testcase name="loginWithValidId" classname="com.training.sanity.tests.RetailRegisterTest">
    <skipped/>
  </testcase> <!-- loginWithValidId -->
  <testcase name="recoverLogin" classname="com.training.sanity.tests.RetailRegisterTest">
    <skipped/>
  </testcase> <!-- recoverLogin -->
</testsuite> <!-- com.training.sanity.tests.RetailRegisterTest -->
