<?xml version="1.0" encoding="UTF-8"?>
<!-- Generated by org.testng.reporters.JUnitReportReporter -->
<testsuite skipped="0" hostname="DESKTOP-Q3TS3TV" name="com.training.sanity.tests.RetailRegisterTest" tests="1" failures="0" timestamp="08 May 2020 07:52:41 GMT" time="65.747" errors="0">
  <testcase name="registerDetails" time="65.747" classname="com.training.sanity.tests.RetailRegisterTest"/>
</testsuite> <!-- com.training.sanity.tests.RetailRegisterTest -->
