<?xml version="1.0" encoding="UTF-8"?>
<!-- Generated by org.testng.reporters.JUnitReportReporter -->
<testsuite skipped="4" hostname="DESKTOP-Q3TS3TV" name="com.training.regression.tests.LoginMultipleValuesTest" tests="5" failures="0" timestamp="16 May 2020 13:51:24 GMT" time="93.025" errors="0">
  <testcase name="registerdplaceAnOrder" time="93.025" classname="com.training.regression.tests.LoginMultipleValuesTest"/>
  <testcase name="chkOutPreLogin" classname="com.training.regression.tests.LoginMultipleValuesTest">
    <skipped/>
  </testcase> <!-- chkOutPreLogin -->
  <testcase name="addNewProdWithDiscount" classname="com.training.regression.tests.LoginMultipleValuesTest">
    <skipped/>
  </testcase> <!-- addNewProdWithDiscount -->
  <testcase name="guestplaceAnOrder" classname="com.training.regression.tests.LoginMultipleValuesTest">
    <skipped/>
  </testcase> <!-- guestplaceAnOrder -->
  <testcase name="loginUsingDataProvider" classname="com.training.regression.tests.LoginMultipleValuesTest">
    <skipped/>
  </testcase> <!-- loginUsingDataProvider -->
</testsuite> <!-- com.training.regression.tests.LoginMultipleValuesTest -->
