<?xml version="1.0" encoding="UTF-8"?>
<!-- Generated by org.testng.reporters.JUnitReportReporter -->
<testsuite skipped="0" hostname="DESKTOP-Q3TS3TV" name="com.training.sanity.tests.RetailLoginTest" tests="1" failures="0" timestamp="09 May 2020 13:15:38 GMT" time="43.217" errors="0">
  <testcase name="validLoginTest" time="43.217" classname="com.training.sanity.tests.RetailLoginTest"/>
</testsuite> <!-- com.training.sanity.tests.RetailLoginTest -->
