<?xml version="1.0" encoding="UTF-8"?>
<!-- Generated by org.testng.reporters.JUnitReportReporter -->
<testsuite skipped="0" hostname="DESKTOP-Q3TS3TV" name="com.training.regression.tests.LoginDBTest" tests="1" failures="0" timestamp="21 May 2020 02:44:07 GMT" time="124.065" errors="0">
  <testcase name="loginDBTest" time="124.065" classname="com.training.regression.tests.LoginDBTest"/>
</testsuite> <!-- com.training.regression.tests.LoginDBTest -->
